Using pre-set license
Built from '2020.2/staging' branch; Version is '2020.2.7f1 (c53830e277f1) revision 12924976'; Using compiler version '192528614'; Build Type 'Release'
OS: 'Windows 10 Home; OS build 19042.1288; Version 2009; 64bit' Language: 'en' Physical Memory: 16177 MB
BatchMode: 1, IsHumanControllingUs: 0, StartBugReporterOnCrash: 0, Is64bit: 1, IsPro: 0

 COMMAND LINE ARGUMENTS:
D:\Unity Editors\2020.2.7f1\Editor\Unity.exe
-adb2
-batchMode
-noUpm
-name
AssetImportWorker0
-projectPath
D:/Unity Projects/Final ASs/Final-Assignment-Group-2/TowerDefence
-logFile
Logs/AssetImportWorker0.log
-srvPort
1063
Successfully changed project path to: D:/Unity Projects/Final ASs/Final-Assignment-Group-2/TowerDefence
D:/Unity Projects/Final ASs/Final-Assignment-Group-2/TowerDefence
Using Asset Import Pipeline V2.
Refreshing native plugins compatible for Editor in 30.74 ms, found 0 plugins.
Preloading 0 native plugins for Editor in 0.00 ms.
Initialize engine version: 2020.2.7f1 (c53830e277f1)
[Subsystems] Discovering subsystems at path D:/Unity Editors/2020.2.7f1/Editor/Data/Resources/UnitySubsystems
[Subsystems] Discovering subsystems at path D:/Unity Projects/Final ASs/Final-Assignment-Group-2/TowerDefence/Assets
GfxDevice: creating device client; threaded=0
Direct3D:
    Version:  Direct3D 11.0 [level 11.1]
    Renderer: NVIDIA GeForce GTX 1050 Ti (ID=0x1c8c)
    Vendor:   
    VRAM:     4018 MB
    Driver:   30.0.14.9613
Initialize mono
Mono path[0] = 'D:/Unity Editors/2020.2.7f1/Editor/Data/Managed'
Mono path[1] = 'D:/Unity Editors/2020.2.7f1/Editor/Data/MonoBleedingEdge/lib/mono/unityjit'
Mono config path = 'D:/Unity Editors/2020.2.7f1/Editor/Data/MonoBleedingEdge/etc'
Using monoOptions --debugger-agent=transport=dt_socket,embedding=1,server=y,suspend=n,address=127.0.0.1:56104
Begin MonoManager ReloadAssembly
Registering precompiled unity dll's ...
Register platform support module: D:/Unity Editors/2020.2.7f1/Editor/Data/PlaybackEngines/WindowsStandaloneSupport/UnityEditor.WindowsStandalone.Extensions.dll
Registered in 0.001218 seconds.
Native extension for WindowsStandalone target not found
Refreshing native plugins compatible for Editor in 28.29 ms, found 0 plugins.
Preloading 0 native plugins for Editor in 0.00 ms.
Invoked RoslynAnalysisRunner static constructor.
RoslynAnalysisRunner will not be running.
RoslynAnalysisRunner has terminated.
Mono: successfully reloaded assembly
- Completed reload, in  1.202 seconds
Platform modules already initialized, skipping
Registering precompiled user dll's ...
Registered in 0.000723 seconds.
Begin MonoManager ReloadAssembly
Native extension for WindowsStandalone target not found
Refreshing native plugins compatible for Editor in 0.27 ms, found 0 plugins.
Preloading 0 native plugins for Editor in 0.00 ms.
Invoked RoslynAnalysisRunner static constructor.
RoslynAnalysisRunner will not be running.
RoslynAnalysisRunner has terminated.
Mono: successfully reloaded assembly
- Completed reload, in  0.854 seconds
Platform modules already initialized, skipping
========================================================================
Worker process is ready to serve import requests
Launched and connected shader compiler UnityShaderCompiler.exe after 0.05 seconds
Refreshing native plugins compatible for Editor in 0.32 ms, found 0 plugins.
Preloading 0 native plugins for Editor in 0.00 ms.
Unloading 1528 Unused Serialized files (Serialized files now loaded: 0)
System memory in use before: 74.4 MB.
System memory in use after: 74.4 MB.

Unloading 10 unused Assets to reduce memory usage. Loaded Objects now: 1975.
Total: 2.251500 ms (FindLiveObjects: 0.254800 ms CreateObjectMapping: 0.058500 ms MarkObjects: 1.835800 ms  DeleteObjects: 0.100700 ms)

========================================================================
Received Import Request.
  path: Assets/MenuTrigger.cs
  artifactKey: Guid(964c77099645785449308d63bf1a0471) Importer(815301076,1909f56bfc062723c751e8b465ee728b)
Start importing Assets/MenuTrigger.cs using Guid(964c77099645785449308d63bf1a0471) Importer(815301076,1909f56bfc062723c751e8b465ee728b)  -> (artifact id: '1765571cedf97970fa63843c1e37de59') in 0.081840 seconds
  Import took 0.089531 seconds .

========================================================================
Received Import Request.
  Time since last request: 15.714209 seconds.
  path: Assets/Scripts
  artifactKey: Guid(d544c118c7833bf4f87a47c5bf591964) Importer(815301076,1909f56bfc062723c751e8b465ee728b)
Start importing Assets/Scripts using Guid(d544c118c7833bf4f87a47c5bf591964) Importer(815301076,1909f56bfc062723c751e8b465ee728b)  -> (artifact id: 'fa5a244197a44c924e783f95588ddea5') in 0.008054 seconds
  Import took 0.010589 seconds .

========================================================================
Received Prepare
Registering precompiled user dll's ...
Registered in 0.001706 seconds.
Begin MonoManager ReloadAssembly
Native extension for WindowsStandalone target not found
Refreshing native plugins compatible for Editor in 0.27 ms, found 0 plugins.
Preloading 0 native plugins for Editor in 0.00 ms.
Invoked RoslynAnalysisRunner static constructor.
RoslynAnalysisRunner will not be running.
RoslynAnalysisRunner has terminated.
Mono: successfully reloaded assembly
- Completed reload, in  0.822 seconds
Platform modules already initialized, skipping
Refreshing native plugins compatible for Editor in 0.26 ms, found 0 plugins.
Preloading 0 native plugins for Editor in 0.00 ms.
Unloading 1500 Unused Serialized files (Serialized files now loaded: 0)
System memory in use before: 72.6 MB.
System memory in use after: 72.7 MB.

Unloading 5 unused Assets to reduce memory usage. Loaded Objects now: 1978.
Total: 2.287800 ms (FindLiveObjects: 0.202000 ms CreateObjectMapping: 0.055100 ms MarkObjects: 1.968200 ms  DeleteObjects: 0.061300 ms)

========================================================================
Received Import Request.
  Time since last request: 6.468188 seconds.
  path: Assets/Scripts/Manager/GameManager.cs
  artifactKey: Guid(e1effb2763d0cc44da2599ae507d8c87) Importer(815301076,1909f56bfc062723c751e8b465ee728b)
Start importing Assets/Scripts/Manager/GameManager.cs using Guid(e1effb2763d0cc44da2599ae507d8c87) Importer(815301076,1909f56bfc062723c751e8b465ee728b)  -> (artifact id: 'eac1dfdbb9cc9b08720020c420dce213') in 0.011506 seconds
  Import took 0.014708 seconds .

========================================================================
Received Import Request.
  Time since last request: 0.050840 seconds.
  path: Assets/Scripts/Manager/GameManager.cs
  artifactKey: Guid(e1effb2763d0cc44da2599ae507d8c87) Importer(815301076,1909f56bfc062723c751e8b465ee728b)
Start importing Assets/Scripts/Manager/GameManager.cs using Guid(e1effb2763d0cc44da2599ae507d8c87) Importer(815301076,1909f56bfc062723c751e8b465ee728b)  -> (artifact id: 'eac1dfdbb9cc9b08720020c420dce213') in 0.004434 seconds
  Import took 0.008010 seconds .

========================================================================
Received Prepare
Registering precompiled user dll's ...
Registered in 0.001889 seconds.
Begin MonoManager ReloadAssembly
Native extension for WindowsStandalone target not found
Refreshing native plugins compatible for Editor in 0.30 ms, found 0 plugins.
Preloading 0 native plugins for Editor in 0.00 ms.
Invoked RoslynAnalysisRunner static constructor.
RoslynAnalysisRunner will not be running.
RoslynAnalysisRunner has terminated.
Mono: successfully reloaded assembly
- Completed reload, in  0.821 seconds
Platform modules already initialized, skipping
Refreshing native plugins compatible for Editor in 0.89 ms, found 0 plugins.
Preloading 0 native plugins for Editor in 0.00 ms.
Unloading 1500 Unused Serialized files (Serialized files now loaded: 0)
System memory in use before: 72.6 MB.
System memory in use after: 72.7 MB.

Unloading 5 unused Assets to reduce memory usage. Loaded Objects now: 1981.
Total: 1.908300 ms (FindLiveObjects: 0.180300 ms CreateObjectMapping: 0.052300 ms MarkObjects: 1.611000 ms  DeleteObjects: 0.062300 ms)

========================================================================
Received Prepare
Registering precompiled user dll's ...
Registered in 0.000811 seconds.
Begin MonoManager ReloadAssembly
Native extension for WindowsStandalone target not found
Refreshing native plugins compatible for Editor in 0.66 ms, found 0 plugins.
Preloading 0 native plugins for Editor in 0.00 ms.
Invoked RoslynAnalysisRunner static constructor.
RoslynAnalysisRunner will not be running.
RoslynAnalysisRunner has terminated.
Mono: successfully reloaded assembly
- Completed reload, in  0.910 seconds
Platform modules already initialized, skipping
Refreshing native plugins compatible for Editor in 0.60 ms, found 0 plugins.
Preloading 0 native plugins for Editor in 0.00 ms.
Unloading 1500 Unused Serialized files (Serialized files now loaded: 0)
System memory in use before: 72.6 MB.
System memory in use after: 72.7 MB.

Unloading 5 unused Assets to reduce memory usage. Loaded Objects now: 1984.
Total: 2.445900 ms (FindLiveObjects: 0.235800 ms CreateObjectMapping: 0.075000 ms MarkObjects: 2.031100 ms  DeleteObjects: 0.102800 ms)

========================================================================
Received Prepare
Registering precompiled user dll's ...
Registered in 0.000728 seconds.
Begin MonoManager ReloadAssembly
Native extension for WindowsStandalone target not found
Refreshing native plugins compatible for Editor in 0.29 ms, found 0 plugins.
Preloading 0 native plugins for Editor in 0.00 ms.
Invoked RoslynAnalysisRunner static constructor.
RoslynAnalysisRunner will not be running.
RoslynAnalysisRunner has terminated.
Mono: successfully reloaded assembly
- Completed reload, in  0.828 seconds
Platform modules already initialized, skipping
Refreshing native plugins compatible for Editor in 0.35 ms, found 0 plugins.
Preloading 0 native plugins for Editor in 0.00 ms.
Unloading 1500 Unused Serialized files (Serialized files now loaded: 0)
System memory in use before: 72.7 MB.
System memory in use after: 72.7 MB.

Unloading 5 unused Assets to reduce memory usage. Loaded Objects now: 1987.
Total: 1.792400 ms (FindLiveObjects: 0.150500 ms CreateObjectMapping: 0.045900 ms MarkObjects: 1.531900 ms  DeleteObjects: 0.063300 ms)

========================================================================
Received Prepare
Registering precompiled user dll's ...
Registered in 0.000732 seconds.
Begin MonoManager ReloadAssembly
Native extension for WindowsStandalone target not found
Refreshing native plugins compatible for Editor in 0.27 ms, found 0 plugins.
Preloading 0 native plugins for Editor in 0.00 ms.
Invoked RoslynAnalysisRunner static constructor.
RoslynAnalysisRunner will not be running.
RoslynAnalysisRunner has terminated.
Mono: successfully reloaded assembly
- Completed reload, in  0.837 seconds
Platform modules already initialized, skipping
Refreshing native plugins compatible for Editor in 0.30 ms, found 0 plugins.
Preloading 0 native plugins for Editor in 0.00 ms.
Unloading 1500 Unused Serialized files (Serialized files now loaded: 0)
System memory in use before: 72.7 MB.
System memory in use after: 72.7 MB.

Unloading 5 unused Assets to reduce memory usage. Loaded Objects now: 1990.
Total: 4.655100 ms (FindLiveObjects: 0.570700 ms CreateObjectMapping: 0.324100 ms MarkObjects: 3.537200 ms  DeleteObjects: 0.218900 ms)

========================================================================
Received Prepare
Registering precompiled user dll's ...
Registered in 0.001006 seconds.
Begin MonoManager ReloadAssembly
Native extension for WindowsStandalone target not found
Refreshing native plugins compatible for Editor in 0.27 ms, found 0 plugins.
Preloading 0 native plugins for Editor in 0.00 ms.
Invoked RoslynAnalysisRunner static constructor.
RoslynAnalysisRunner will not be running.
RoslynAnalysisRunner has terminated.
Mono: successfully reloaded assembly
- Completed reload, in  0.799 seconds
Platform modules already initialized, skipping
Refreshing native plugins compatible for Editor in 0.26 ms, found 0 plugins.
Preloading 0 native plugins for Editor in 0.00 ms.
Unloading 1500 Unused Serialized files (Serialized files now loaded: 0)
System memory in use before: 72.6 MB.
System memory in use after: 72.7 MB.

Unloading 5 unused Assets to reduce memory usage. Loaded Objects now: 1993.
Total: 1.882000 ms (FindLiveObjects: 0.323700 ms CreateObjectMapping: 0.062700 ms MarkObjects: 1.424100 ms  DeleteObjects: 0.069800 ms)

========================================================================
Received Prepare
Registering precompiled user dll's ...
Registered in 0.000783 seconds.
Begin MonoManager ReloadAssembly
Native extension for WindowsStandalone target not found
Refreshing native plugins compatible for Editor in 0.27 ms, found 0 plugins.
Preloading 0 native plugins for Editor in 0.00 ms.
Invoked RoslynAnalysisRunner static constructor.
RoslynAnalysisRunner will not be running.
RoslynAnalysisRunner has terminated.
Mono: successfully reloaded assembly
- Completed reload, in  0.842 seconds
Platform modules already initialized, skipping
Refreshing native plugins compatible for Editor in 0.27 ms, found 0 plugins.
Preloading 0 native plugins for Editor in 0.00 ms.
Unloading 1500 Unused Serialized files (Serialized files now loaded: 0)
System memory in use before: 72.7 MB.
System memory in use after: 72.7 MB.

Unloading 5 unused Assets to reduce memory usage. Loaded Objects now: 1996.
Total: 2.115700 ms (FindLiveObjects: 0.164800 ms CreateObjectMapping: 0.054500 ms MarkObjects: 1.829300 ms  DeleteObjects: 0.066300 ms)

========================================================================
Received Prepare
Registering precompiled user dll's ...
Registered in 0.000779 seconds.
Begin MonoManager ReloadAssembly
Native extension for WindowsStandalone target not found
Refreshing native plugins compatible for Editor in 0.27 ms, found 0 plugins.
Preloading 0 native plugins for Editor in 0.00 ms.
Invoked RoslynAnalysisRunner static constructor.
RoslynAnalysisRunner will not be running.
RoslynAnalysisRunner has terminated.
Mono: successfully reloaded assembly
- Completed reload, in  0.834 seconds
Platform modules already initialized, skipping
Refreshing native plugins compatible for Editor in 0.26 ms, found 0 plugins.
Preloading 0 native plugins for Editor in 0.00 ms.
Unloading 1500 Unused Serialized files (Serialized files now loaded: 0)
System memory in use before: 72.7 MB.
System memory in use after: 72.7 MB.

Unloading 5 unused Assets to reduce memory usage. Loaded Objects now: 1999.
Total: 1.952100 ms (FindLiveObjects: 0.174800 ms CreateObjectMapping: 0.049100 ms MarkObjects: 1.660900 ms  DeleteObjects: 0.066300 ms)

========================================================================
Received Prepare
Registering precompiled user dll's ...
Registered in 0.001039 seconds.
Begin MonoManager ReloadAssembly
Native extension for WindowsStandalone target not found
Refreshing native plugins compatible for Editor in 0.29 ms, found 0 plugins.
Preloading 0 native plugins for Editor in 0.00 ms.
Invoked RoslynAnalysisRunner static constructor.
RoslynAnalysisRunner will not be running.
RoslynAnalysisRunner has terminated.
Mono: successfully reloaded assembly
- Completed reload, in  0.801 seconds
Platform modules already initialized, skipping
Refreshing native plugins compatible for Editor in 0.31 ms, found 0 plugins.
Preloading 0 native plugins for Editor in 0.00 ms.
Unloading 1500 Unused Serialized files (Serialized files now loaded: 0)
System memory in use before: 72.7 MB.
System memory in use after: 72.8 MB.

Unloading 5 unused Assets to reduce memory usage. Loaded Objects now: 2002.
Total: 2.367700 ms (FindLiveObjects: 0.356200 ms CreateObjectMapping: 0.112400 ms MarkObjects: 1.814500 ms  DeleteObjects: 0.083000 ms)

========================================================================
Received Prepare
Registering precompiled user dll's ...
Registered in 0.000724 seconds.
Begin MonoManager ReloadAssembly
Native extension for WindowsStandalone target not found
Refreshing native plugins compatible for Editor in 0.40 ms, found 0 plugins.
Preloading 0 native plugins for Editor in 0.00 ms.
Invoked RoslynAnalysisRunner static constructor.
RoslynAnalysisRunner will not be running.
RoslynAnalysisRunner has terminated.
Mono: successfully reloaded assembly
- Completed reload, in  0.856 seconds
Platform modules already initialized, skipping
Refreshing native plugins compatible for Editor in 0.37 ms, found 0 plugins.
Preloading 0 native plugins for Editor in 0.00 ms.
Unloading 1500 Unused Serialized files (Serialized files now loaded: 0)
System memory in use before: 72.7 MB.
System memory in use after: 72.8 MB.

Unloading 5 unused Assets to reduce memory usage. Loaded Objects now: 2005.
Total: 3.725300 ms (FindLiveObjects: 0.491800 ms CreateObjectMapping: 0.189600 ms MarkObjects: 2.903100 ms  DeleteObjects: 0.138400 ms)

========================================================================
Received Prepare
Registering precompiled user dll's ...
Registered in 0.000787 seconds.
Begin MonoManager ReloadAssembly
Native extension for WindowsStandalone target not found
Refreshing native plugins compatible for Editor in 0.27 ms, found 0 plugins.
Preloading 0 native plugins for Editor in 0.00 ms.
Invoked RoslynAnalysisRunner static constructor.
RoslynAnalysisRunner will not be running.
RoslynAnalysisRunner has terminated.
Mono: successfully reloaded assembly
- Completed reload, in  0.839 seconds
Platform modules already initialized, skipping
Refreshing native plugins compatible for Editor in 0.29 ms, found 0 plugins.
Preloading 0 native plugins for Editor in 0.00 ms.
Unloading 1500 Unused Serialized files (Serialized files now loaded: 0)
System memory in use before: 72.7 MB.
System memory in use after: 72.8 MB.

Unloading 5 unused Assets to reduce memory usage. Loaded Objects now: 2008.
Total: 1.863600 ms (FindLiveObjects: 0.185300 ms CreateObjectMapping: 0.055600 ms MarkObjects: 1.541400 ms  DeleteObjects: 0.080200 ms)

========================================================================
Received Prepare
Registering precompiled user dll's ...
Registered in 0.000748 seconds.
Begin MonoManager ReloadAssembly
Native extension for WindowsStandalone target not found
Refreshing native plugins compatible for Editor in 0.27 ms, found 0 plugins.
Preloading 0 native plugins for Editor in 0.00 ms.
Invoked RoslynAnalysisRunner static constructor.
RoslynAnalysisRunner will not be running.
RoslynAnalysisRunner has terminated.
Mono: successfully reloaded assembly
- Completed reload, in  0.794 seconds
Platform modules already initialized, skipping
Refreshing native plugins compatible for Editor in 0.29 ms, found 0 plugins.
Preloading 0 native plugins for Editor in 0.00 ms.
Unloading 1500 Unused Serialized files (Serialized files now loaded: 0)
System memory in use before: 72.7 MB.
System memory in use after: 72.8 MB.

Unloading 5 unused Assets to reduce memory usage. Loaded Objects now: 2011.
Total: 2.023000 ms (FindLiveObjects: 0.161600 ms CreateObjectMapping: 0.051000 ms MarkObjects: 1.743000 ms  DeleteObjects: 0.066200 ms)

========================================================================
Received Import Request.
  Time since last request: 4363.066902 seconds.
  path: Assets/PathCreator/Examples/Materials/Black.mat
  artifactKey: Guid(69561553b86bde34da494d1ffed3ba45) Importer(815301076,1909f56bfc062723c751e8b465ee728b)
Start importing Assets/PathCreator/Examples/Materials/Black.mat using Guid(69561553b86bde34da494d1ffed3ba45) Importer(815301076,1909f56bfc062723c751e8b465ee728b)  -> (artifact id: 'c193b7046ab4bcffeb8a13ab05177208') in 0.333556 seconds
  Import took 0.336325 seconds .

========================================================================
Received Import Request.
  Time since last request: 0.000310 seconds.
  path: Assets/Art_Assets/Materials/Environment_Props/Island_Material/Island_01.mat
  artifactKey: Guid(510ebf98ec581e84ab6a6e1e8d97bf7a) Importer(815301076,1909f56bfc062723c751e8b465ee728b)
Start importing Assets/Art_Assets/Materials/Environment_Props/Island_Material/Island_01.mat using Guid(510ebf98ec581e84ab6a6e1e8d97bf7a) Importer(815301076,1909f56bfc062723c751e8b465ee728b)  -> (artifact id: '53ecf7a7d57ebb1ccdb70c1bb51240a1') in 0.026994 seconds
  Import took 0.029780 seconds .

========================================================================
Received Import Request.
  Time since last request: 0.000648 seconds.
  path: Packages/com.unity.probuilder/Content/Resources/Materials/VertexPickerHDRP.mat
  artifactKey: Guid(7d5c9fc287a2aa945a98203d41282923) Importer(815301076,1909f56bfc062723c751e8b465ee728b)
Start importing Packages/com.unity.probuilder/Content/Resources/Materials/VertexPickerHDRP.mat using Guid(7d5c9fc287a2aa945a98203d41282923) Importer(815301076,1909f56bfc062723c751e8b465ee728b)  -> (artifact id: '50c4c12a71b272798185abd2a4785c74') in 0.037401 seconds
  Import took 0.040949 seconds .

========================================================================
Received Import Request.
  Time since last request: 0.000294 seconds.
  path: Packages/com.unity.probuilder/Content/Resources/Materials/FacePicker.mat
  artifactKey: Guid(5695904020f064fdab5ad265b274a616) Importer(815301076,1909f56bfc062723c751e8b465ee728b)
Start importing Packages/com.unity.probuilder/Content/Resources/Materials/FacePicker.mat using Guid(5695904020f064fdab5ad265b274a616) Importer(815301076,1909f56bfc062723c751e8b465ee728b)  -> (artifact id: 'c6fae03b0a56210aee9c7d5a6d8df7b1') in 0.044783 seconds
  Import took 0.048350 seconds .

========================================================================
Received Import Request.
  Time since last request: 0.000356 seconds.
  path: Packages/com.unity.probuilder/Content/Resources/Materials/Trigger.mat
  artifactKey: Guid(a1e97cbf2538241b691aae8243b5fb10) Importer(815301076,1909f56bfc062723c751e8b465ee728b)
Start importing Packages/com.unity.probuilder/Content/Resources/Materials/Trigger.mat using Guid(a1e97cbf2538241b691aae8243b5fb10) Importer(815301076,1909f56bfc062723c751e8b465ee728b)  -> (artifact id: 'c5812f8273c5807e0dabf261032909e1') in 0.145219 seconds
  Import took 0.147811 seconds .

========================================================================
Received Import Request.
  Time since last request: 0.000311 seconds.
  path: Packages/com.unity.probuilder/Content/Resources/Materials/VertexPicker.mat
  artifactKey: Guid(30a8575e1d4cc4e01a88ffbf4f973d80) Importer(815301076,1909f56bfc062723c751e8b465ee728b)
Start importing Packages/com.unity.probuilder/Content/Resources/Materials/VertexPicker.mat using Guid(30a8575e1d4cc4e01a88ffbf4f973d80) Importer(815301076,1909f56bfc062723c751e8b465ee728b)  -> (artifact id: 'eb7dab1a819e285d534972652dea5c20') in 0.019644 seconds
  Import took 0.022837 seconds .

========================================================================
Received Import Request.
  Time since last request: 0.000360 seconds.
  path: Assets/PathCreator/Examples/Materials/Blue.mat
  artifactKey: Guid(5c270a73328a99e439fec44a0cf3a17d) Importer(815301076,1909f56bfc062723c751e8b465ee728b)
Start importing Assets/PathCreator/Examples/Materials/Blue.mat using Guid(5c270a73328a99e439fec44a0cf3a17d) Importer(815301076,1909f56bfc062723c751e8b465ee728b)  -> (artifact id: '8bc30b6ac082c6e0b04daa2c0c03c805') in 0.036619 seconds
  Import took 0.039721 seconds .

========================================================================
Received Import Request.
  Time since last request: 0.000307 seconds.
  path: Assets/Art_Assets/Materials/Environment_Props/Prop_Materials/Container&Storage_Material/Crate_01_Material.mat
  artifactKey: Guid(63721bfec8aa432439a49051021503b8) Importer(815301076,1909f56bfc062723c751e8b465ee728b)
Start importing Assets/Art_Assets/Materials/Environment_Props/Prop_Materials/Container&Storage_Material/Crate_01_Material.mat using Guid(63721bfec8aa432439a49051021503b8) Importer(815301076,1909f56bfc062723c751e8b465ee728b)  -> (artifact id: '14e85f6959c35cad6451dfe2bcb55898') in 0.126827 seconds
  Import took 0.129216 seconds .

========================================================================
Received Import Request.
  Time since last request: 0.000275 seconds.
  path: Assets/PathCreator/Examples/Materials/Road.mat
  artifactKey: Guid(b5df4735192845740bd11076dc9cdc99) Importer(815301076,1909f56bfc062723c751e8b465ee728b)
Start importing Assets/PathCreator/Examples/Materials/Road.mat using Guid(b5df4735192845740bd11076dc9cdc99) Importer(815301076,1909f56bfc062723c751e8b465ee728b)  -> (artifact id: 'c276eb018ce399b38f89a1d596ad7b16') in 0.066181 seconds
  Import took 0.068511 seconds .

========================================================================
Received Import Request.
  Time since last request: 0.000284 seconds.
  path: Assets/Art_Assets/Materials/Environment_Props/Prop_Materials/Barrier_Material/Fence_02_Material.mat
  artifactKey: Guid(eba5cb831b6092644b57dc4032461bab) Importer(815301076,1909f56bfc062723c751e8b465ee728b)
Start importing Assets/Art_Assets/Materials/Environment_Props/Prop_Materials/Barrier_Material/Fence_02_Material.mat using Guid(eba5cb831b6092644b57dc4032461bab) Importer(815301076,1909f56bfc062723c751e8b465ee728b)  -> (artifact id: 'e94332c2adb0b0c88e876749651ff68d') in 0.362876 seconds
  Import took 0.365169 seconds .

========================================================================
Received Import Request.
  Time since last request: 0.000406 seconds.
  path: Assets/PathCreator/Examples/Materials/Green.mat
  artifactKey: Guid(9ca80467a033e954a8b9ad8601d6f4c7) Importer(815301076,1909f56bfc062723c751e8b465ee728b)
Start importing Assets/PathCreator/Examples/Materials/Green.mat using Guid(9ca80467a033e954a8b9ad8601d6f4c7) Importer(815301076,1909f56bfc062723c751e8b465ee728b)  -> (artifact id: '83a4851431d05933a2ec7c35bdf174d5') in 0.018906 seconds
  Import took 0.021513 seconds .

========================================================================
Received Import Request.
  Time since last request: 0.000260 seconds.
  path: Packages/com.unity.probuilder/Content/Resources/Materials/ProBuilderDefault.mat
  artifactKey: Guid(c22777d6e868e4f2fb421913386b154e) Importer(815301076,1909f56bfc062723c751e8b465ee728b)
Start importing Packages/com.unity.probuilder/Content/Resources/Materials/ProBuilderDefault.mat using Guid(c22777d6e868e4f2fb421913386b154e) Importer(815301076,1909f56bfc062723c751e8b465ee728b)  -> (artifact id: 'f1fc93c2caae31d994e28895418b14dd') in 0.097182 seconds
  Import took 0.099757 seconds .

========================================================================
Received Import Request.
  Time since last request: 0.000287 seconds.
  path: Packages/com.unity.probuilder/Content/Resources/Materials/EdgePickerHDRP.mat
  artifactKey: Guid(980c24c5a501a9a429356d191ad356a9) Importer(815301076,1909f56bfc062723c751e8b465ee728b)
Start importing Packages/com.unity.probuilder/Content/Resources/Materials/EdgePickerHDRP.mat using Guid(980c24c5a501a9a429356d191ad356a9) Importer(815301076,1909f56bfc062723c751e8b465ee728b)  -> (artifact id: 'b07b83305b0a907f98ca3f9265f5dc5c') in 0.017105 seconds
  Import took 0.019536 seconds .

========================================================================
Received Import Request.
  Time since last request: 0.000390 seconds.
  path: Assets/Art_Assets/Materials/Environment_Props/Island_Material/Island_01_Material.mat
  artifactKey: Guid(864306e47dad78f42bbbd1a8b3da7f39) Importer(815301076,1909f56bfc062723c751e8b465ee728b)
Start importing Assets/Art_Assets/Materials/Environment_Props/Island_Material/Island_01_Material.mat using Guid(864306e47dad78f42bbbd1a8b3da7f39) Importer(815301076,1909f56bfc062723c751e8b465ee728b)  -> (artifact id: 'cbbf62506a81fda0116645f6f0efcd29') in 0.025831 seconds
  Import took 0.028707 seconds .

========================================================================
Received Import Request.
  Time since last request: 0.000259 seconds.
  path: Assets/Art_Assets/Materials/Environment_Props/Island_Material/Island_02_Material.mat
  artifactKey: Guid(72abb2200b01d184fa7ebe187624c1b2) Importer(815301076,1909f56bfc062723c751e8b465ee728b)
Start importing Assets/Art_Assets/Materials/Environment_Props/Island_Material/Island_02_Material.mat using Guid(72abb2200b01d184fa7ebe187624c1b2) Importer(815301076,1909f56bfc062723c751e8b465ee728b)  -> (artifact id: '238409ff5c2b83d0f063a8722650d114') in 0.019033 seconds
  Import took 0.022534 seconds .

========================================================================
Received Import Request.
  Time since last request: 0.000354 seconds.
  path: Packages/com.unity.probuilder/Content/Resources/Materials/EdgePicker.mat
  artifactKey: Guid(4ff996e3a0a5743a3987ab6231160665) Importer(815301076,1909f56bfc062723c751e8b465ee728b)
Start importing Packages/com.unity.probuilder/Content/Resources/Materials/EdgePicker.mat using Guid(4ff996e3a0a5743a3987ab6231160665) Importer(815301076,1909f56bfc062723c751e8b465ee728b)  -> (artifact id: '37d25778349b4d0bb291a3548f280561') in 0.018685 seconds
  Import took 0.021823 seconds .

========================================================================
Received Import Request.
  Time since last request: 0.000324 seconds.
  path: Packages/com.unity.probuilder/Content/Resources/Materials/Collider.mat
  artifactKey: Guid(bbb235fff4f48426b863b36058ab66d2) Importer(815301076,1909f56bfc062723c751e8b465ee728b)
Start importing Packages/com.unity.probuilder/Content/Resources/Materials/Collider.mat using Guid(bbb235fff4f48426b863b36058ab66d2) Importer(815301076,1909f56bfc062723c751e8b465ee728b)  -> (artifact id: 'c9c9a6567f3ff34157d4d00e3f0aeff5') in 0.052894 seconds
  Import took 0.055274 seconds .

========================================================================
Received Import Request.
  Time since last request: 0.000199 seconds.
  path: Packages/com.unity.probuilder/Content/Resources/Materials/NoDraw.mat
  artifactKey: Guid(8cb4d6fee77fd4ee6895f08b240d625f) Importer(815301076,1909f56bfc062723c751e8b465ee728b)
Start importing Packages/com.unity.probuilder/Content/Resources/Materials/NoDraw.mat using Guid(8cb4d6fee77fd4ee6895f08b240d625f) Importer(815301076,1909f56bfc062723c751e8b465ee728b)  -> (artifact id: 'bab68f9ac326e7f05afb0e3240f2a5e0') in 0.091885 seconds
  Import took 0.094215 seconds .

========================================================================
Received Import Request.
  Time since last request: 0.000208 seconds.
  path: Assets/Art_Assets/Materials/Environment_Props/Prop_Materials/Barrier_Material/Fence_01_Material.mat
  artifactKey: Guid(c72c71d0e54a1c244b489da2152bd63f) Importer(815301076,1909f56bfc062723c751e8b465ee728b)
Start importing Assets/Art_Assets/Materials/Environment_Props/Prop_Materials/Barrier_Material/Fence_01_Material.mat using Guid(c72c71d0e54a1c244b489da2152bd63f) Importer(815301076,1909f56bfc062723c751e8b465ee728b)  -> (artifact id: '273634ac0a362b38be66b88fc26acf41') in 0.153999 seconds
  Import took 0.156300 seconds .

========================================================================
Received Import Request.
  Time since last request: 0.000267 seconds.
  path: Packages/com.unity.probuilder/Content/Material/Checker.mat
  artifactKey: Guid(4717b199010ca4cb3a8a7a465ec457d2) Importer(815301076,1909f56bfc062723c751e8b465ee728b)
Start importing Packages/com.unity.probuilder/Content/Material/Checker.mat using Guid(4717b199010ca4cb3a8a7a465ec457d2) Importer(815301076,1909f56bfc062723c751e8b465ee728b)  -> (artifact id: '90f6eb3eac8d01b3fbfcd82d8f7af34b') in 0.193997 seconds
  Import took 0.196349 seconds .

========================================================================
Received Import Request.
  Time since last request: 0.000276 seconds.
  path: Packages/com.unity.probuilder/Content/Resources/Materials/StandardVertexColorLWRP.mat
  artifactKey: Guid(077a003b1de1e4c35923be7a21b5d948) Importer(815301076,1909f56bfc062723c751e8b465ee728b)
Start importing Packages/com.unity.probuilder/Content/Resources/Materials/StandardVertexColorLWRP.mat using Guid(077a003b1de1e4c35923be7a21b5d948) Importer(815301076,1909f56bfc062723c751e8b465ee728b)  -> (artifact id: '0056a10b5d5ee617ed8b11c1d867b2c6') in 0.027798 seconds
  Import took 0.041502 seconds .

========================================================================
Received Import Request.
  Time since last request: 0.000605 seconds.
  path: Assets/PathCreator/Examples/Materials/Brown.mat
  artifactKey: Guid(d5b3a558a1e7f4a4182b166bb2f27cf7) Importer(815301076,1909f56bfc062723c751e8b465ee728b)
Start importing Assets/PathCreator/Examples/Materials/Brown.mat using Guid(d5b3a558a1e7f4a4182b166bb2f27cf7) Importer(815301076,1909f56bfc062723c751e8b465ee728b)  -> (artifact id: '38a47b005ed5f9ac8d822c07777eb887') in 0.017552 seconds
  Import took 0.021958 seconds .

========================================================================
Received Import Request.
  Time since last request: 0.000293 seconds.
  path: Assets/Art_Assets/Materials/Environment_Props/Island_Material/Floating_Rocks_01.mat
  artifactKey: Guid(53b98afb8e9802045b5350af00b5c667) Importer(815301076,1909f56bfc062723c751e8b465ee728b)
Start importing Assets/Art_Assets/Materials/Environment_Props/Island_Material/Floating_Rocks_01.mat using Guid(53b98afb8e9802045b5350af00b5c667) Importer(815301076,1909f56bfc062723c751e8b465ee728b)  -> (artifact id: '3a4ebe48a3ab27f2038366a7df8f1db0') in 0.015562 seconds
  Import took 0.018314 seconds .

========================================================================
Received Import Request.
  Time since last request: 0.000282 seconds.
  path: Assets/PathCreator/Examples/Materials/Dark Grey.mat
  artifactKey: Guid(407e3de4fbbcf4a99b17bf5aac2d28d8) Importer(815301076,1909f56bfc062723c751e8b465ee728b)
Start importing Assets/PathCreator/Examples/Materials/Dark Grey.mat using Guid(407e3de4fbbcf4a99b17bf5aac2d28d8) Importer(815301076,1909f56bfc062723c751e8b465ee728b)  -> (artifact id: '694375baed169533b532fbe405f1fc1d') in 0.013651 seconds
  Import took 0.016684 seconds .

========================================================================
Received Import Request.
  Time since last request: 0.000292 seconds.
  path: Assets/PathCreator/Examples/Materials/Red.mat
  artifactKey: Guid(01763a1c279a5cd4d8f897f6b6cdbae5) Importer(815301076,1909f56bfc062723c751e8b465ee728b)
Start importing Assets/PathCreator/Examples/Materials/Red.mat using Guid(01763a1c279a5cd4d8f897f6b6cdbae5) Importer(815301076,1909f56bfc062723c751e8b465ee728b)  -> (artifact id: '43493a2f3b6f9cc775df81c6259ce0f1') in 0.016064 seconds
  Import took 0.018784 seconds .

========================================================================
Received Import Request.
  Time since last request: 0.000320 seconds.
  path: Assets/Art_Assets/PNGS/Environment_Textures/Island_Textures/Materials/Island_01_Albedo 1.mat
  artifactKey: Guid(f4f9859fd7e1b384a8aa0cb81c3fa6f6) Importer(815301076,1909f56bfc062723c751e8b465ee728b)
Start importing Assets/Art_Assets/PNGS/Environment_Textures/Island_Textures/Materials/Island_01_Albedo 1.mat using Guid(f4f9859fd7e1b384a8aa0cb81c3fa6f6) Importer(815301076,1909f56bfc062723c751e8b465ee728b)  -> (artifact id: 'fe855aa5c13e1f3955e44e09863858b0') in 0.038370 seconds
  Import took 0.041277 seconds .

========================================================================
Received Import Request.
  Time since last request: 0.000282 seconds.
  path: Packages/com.unity.probuilder/Content/Resources/Materials/InvisibleFace.mat
  artifactKey: Guid(978bbcf5050244f1b95128c04103f628) Importer(815301076,1909f56bfc062723c751e8b465ee728b)
Start importing Packages/com.unity.probuilder/Content/Resources/Materials/InvisibleFace.mat using Guid(978bbcf5050244f1b95128c04103f628) Importer(815301076,1909f56bfc062723c751e8b465ee728b)  -> (artifact id: '34bedec85a112fec10c8c2f7ee733649') in 0.011960 seconds
  Import took 0.015383 seconds .

========================================================================
Received Import Request.
  Time since last request: 0.000323 seconds.
  path: Packages/com.unity.probuilder/Content/Resources/Materials/FacePickerHDRP.mat
  artifactKey: Guid(a53ef0dd76f2fe74eb5f43267d7c0195) Importer(815301076,1909f56bfc062723c751e8b465ee728b)
Start importing Packages/com.unity.probuilder/Content/Resources/Materials/FacePickerHDRP.mat using Guid(a53ef0dd76f2fe74eb5f43267d7c0195) Importer(815301076,1909f56bfc062723c751e8b465ee728b)  -> (artifact id: 'b97d0371112def8e3e664ba85a937326') in 0.022320 seconds
  Import took 0.025594 seconds .

========================================================================
Received Import Request.
  Time since last request: 0.000319 seconds.
  path: Packages/com.unity.probuilder/Content/Resources/Materials/UnlitVertexColor.mat
  artifactKey: Guid(29966c3c0907b49b58c4e59342d020cf) Importer(815301076,1909f56bfc062723c751e8b465ee728b)
Start importing Packages/com.unity.probuilder/Content/Resources/Materials/UnlitVertexColor.mat using Guid(29966c3c0907b49b58c4e59342d020cf) Importer(815301076,1909f56bfc062723c751e8b465ee728b)  -> (artifact id: 'fdb7a49d6b4dfa161a0fddbaa777cc89') in 0.031927 seconds
  Import took 0.034939 seconds .

========================================================================
Received Import Request.
  Time since last request: 0.000270 seconds.
  path: Packages/com.unity.probuilder/Content/Resources/Materials/StandardVertexColorHDRP.mat
  artifactKey: Guid(c35693c079f3840f7938a4a323096e84) Importer(815301076,1909f56bfc062723c751e8b465ee728b)
Start importing Packages/com.unity.probuilder/Content/Resources/Materials/StandardVertexColorHDRP.mat using Guid(c35693c079f3840f7938a4a323096e84) Importer(815301076,1909f56bfc062723c751e8b465ee728b)  -> (artifact id: 'e86cd020c3f7a79e2cda6865ba220eb9') in 0.039579 seconds
  Import took 0.042684 seconds .

========================================================================
Received Import Request.
  Time since last request: 0.000245 seconds.
  path: Assets/PathCreator/Examples/Materials/Road Underside.mat
  artifactKey: Guid(c1d8d882244c5344fa86a8fd23246f81) Importer(815301076,1909f56bfc062723c751e8b465ee728b)
Start importing Assets/PathCreator/Examples/Materials/Road Underside.mat using Guid(c1d8d882244c5344fa86a8fd23246f81) Importer(815301076,1909f56bfc062723c751e8b465ee728b)  -> (artifact id: 'ac86e53553c08c006f2ab28faaa81e4c') in 0.027813 seconds
  Import took 0.030620 seconds .

========================================================================
Received Import Request.
  Time since last request: 3.753341 seconds.
  path: Assets/Towers/Ice Turret.asset
  artifactKey: Guid(0b05ced7366155b45b70a5814ddecf22) Importer(815301076,1909f56bfc062723c751e8b465ee728b)
Start importing Assets/Towers/Ice Turret.asset using Guid(0b05ced7366155b45b70a5814ddecf22) Importer(815301076,1909f56bfc062723c751e8b465ee728b)  -> (artifact id: '664e5b6b52e72930bb4cc296130e6aea') in 0.013622 seconds
  Import took 0.016272 seconds .

========================================================================
Received Prepare
Registering precompiled user dll's ...
Registered in 0.000800 seconds.
Begin MonoManager ReloadAssembly
Native extension for WindowsStandalone target not found
Refreshing native plugins compatible for Editor in 0.26 ms, found 0 plugins.
Preloading 0 native plugins for Editor in 0.00 ms.
Invoked RoslynAnalysisRunner static constructor.
RoslynAnalysisRunner will not be running.
RoslynAnalysisRunner has terminated.
Mono: successfully reloaded assembly
- Completed reload, in  0.780 seconds
Platform modules already initialized, skipping
Refreshing native plugins compatible for Editor in 0.52 ms, found 0 plugins.
Preloading 0 native plugins for Editor in 0.00 ms.
Unloading 1500 Unused Serialized files (Serialized files now loaded: 0)
System memory in use before: 76.2 MB.
System memory in use after: 76.3 MB.

Unloading 5 unused Assets to reduce memory usage. Loaded Objects now: 2057.
Total: 2.259100 ms (FindLiveObjects: 0.174500 ms CreateObjectMapping: 0.047700 ms MarkObjects: 1.958400 ms  DeleteObjects: 0.077400 ms)

========================================================================
Received Prepare
Registering precompiled user dll's ...
Registered in 0.001052 seconds.
Begin MonoManager ReloadAssembly
Native extension for WindowsStandalone target not found
Refreshing native plugins compatible for Editor in 0.28 ms, found 0 plugins.
Preloading 0 native plugins for Editor in 0.00 ms.
Invoked RoslynAnalysisRunner static constructor.
RoslynAnalysisRunner will not be running.
RoslynAnalysisRunner has terminated.
Mono: successfully reloaded assembly
- Completed reload, in  0.811 seconds
Platform modules already initialized, skipping
Refreshing native plugins compatible for Editor in 0.28 ms, found 0 plugins.
Preloading 0 native plugins for Editor in 0.00 ms.
Unloading 1500 Unused Serialized files (Serialized files now loaded: 0)
System memory in use before: 76.2 MB.
System memory in use after: 76.3 MB.

Unloading 5 unused Assets to reduce memory usage. Loaded Objects now: 2060.
Total: 1.919700 ms (FindLiveObjects: 0.191900 ms CreateObjectMapping: 0.058300 ms MarkObjects: 1.603100 ms  DeleteObjects: 0.065300 ms)

========================================================================
Received Import Request.
  Time since last request: 351.159744 seconds.
  path: Assets/Prefabs/Build Plate.prefab
  artifactKey: Guid(012beba0df57bae44839883bb08ca0f2) Importer(815301076,1909f56bfc062723c751e8b465ee728b)
Start importing Assets/Prefabs/Build Plate.prefab using Guid(012beba0df57bae44839883bb08ca0f2) Importer(815301076,1909f56bfc062723c751e8b465ee728b)  -> (artifact id: 'd031c45e34eea4b7745cd3dd57b73b30') in 0.061534 seconds
  Import took 0.064473 seconds .

========================================================================
Received Prepare
Registering precompiled user dll's ...
Registered in 0.000715 seconds.
Begin MonoManager ReloadAssembly
Native extension for WindowsStandalone target not found
Refreshing native plugins compatible for Editor in 0.28 ms, found 0 plugins.
Preloading 0 native plugins for Editor in 0.00 ms.
Invoked RoslynAnalysisRunner static constructor.
RoslynAnalysisRunner will not be running.
RoslynAnalysisRunner has terminated.
Mono: successfully reloaded assembly
- Completed reload, in  0.798 seconds
Platform modules already initialized, skipping
Refreshing native plugins compatible for Editor in 0.27 ms, found 0 plugins.
Preloading 0 native plugins for Editor in 0.00 ms.
Unloading 1500 Unused Serialized files (Serialized files now loaded: 0)
System memory in use before: 76.3 MB.
System memory in use after: 76.3 MB.

Unloading 5 unused Assets to reduce memory usage. Loaded Objects now: 2065.
Total: 1.618800 ms (FindLiveObjects: 0.153800 ms CreateObjectMapping: 0.046800 ms MarkObjects: 1.356100 ms  DeleteObjects: 0.061100 ms)

========================================================================
Received Prepare
Registering precompiled user dll's ...
Registered in 0.000853 seconds.
Begin MonoManager ReloadAssembly
Native extension for WindowsStandalone target not found
Refreshing native plugins compatible for Editor in 0.39 ms, found 0 plugins.
Preloading 0 native plugins for Editor in 0.00 ms.
Invoked RoslynAnalysisRunner static constructor.
RoslynAnalysisRunner will not be running.
RoslynAnalysisRunner has terminated.
Mono: successfully reloaded assembly
- Completed reload, in  0.783 seconds
Platform modules already initialized, skipping
Refreshing native plugins compatible for Editor in 0.55 ms, found 0 plugins.
Preloading 0 native plugins for Editor in 0.00 ms.
Unloading 1500 Unused Serialized files (Serialized files now loaded: 0)
System memory in use before: 76.2 MB.
System memory in use after: 76.3 MB.

Unloading 5 unused Assets to reduce memory usage. Loaded Objects now: 2068.
Total: 2.032900 ms (FindLiveObjects: 0.210100 ms CreateObjectMapping: 0.057900 ms MarkObjects: 1.699400 ms  DeleteObjects: 0.064200 ms)

========================================================================
Received Prepare
Registering precompiled user dll's ...
Registered in 0.000893 seconds.
Begin MonoManager ReloadAssembly
Native extension for WindowsStandalone target not found
Refreshing native plugins compatible for Editor in 0.27 ms, found 0 plugins.
Preloading 0 native plugins for Editor in 0.00 ms.
Invoked RoslynAnalysisRunner static constructor.
RoslynAnalysisRunner will not be running.
RoslynAnalysisRunner has terminated.
Mono: successfully reloaded assembly
- Completed reload, in  0.822 seconds
Platform modules already initialized, skipping
Refreshing native plugins compatible for Editor in 0.27 ms, found 0 plugins.
Preloading 0 native plugins for Editor in 0.00 ms.
Unloading 1500 Unused Serialized files (Serialized files now loaded: 0)
System memory in use before: 76.3 MB.
System memory in use after: 76.3 MB.

Unloading 5 unused Assets to reduce memory usage. Loaded Objects now: 2071.
Total: 2.451500 ms (FindLiveObjects: 0.211300 ms CreateObjectMapping: 0.061100 ms MarkObjects: 2.084900 ms  DeleteObjects: 0.092700 ms)

========================================================================
Received Prepare
Registering precompiled user dll's ...
Registered in 0.000755 seconds.
Begin MonoManager ReloadAssembly
Native extension for WindowsStandalone target not found
Refreshing native plugins compatible for Editor in 0.69 ms, found 0 plugins.
Preloading 0 native plugins for Editor in 0.00 ms.
Invoked RoslynAnalysisRunner static constructor.
RoslynAnalysisRunner will not be running.
RoslynAnalysisRunner has terminated.
Mono: successfully reloaded assembly
- Completed reload, in  0.815 seconds
Platform modules already initialized, skipping
Refreshing native plugins compatible for Editor in 0.26 ms, found 0 plugins.
Preloading 0 native plugins for Editor in 0.00 ms.
Unloading 1500 Unused Serialized files (Serialized files now loaded: 0)
System memory in use before: 76.3 MB.
System memory in use after: 76.3 MB.

Unloading 5 unused Assets to reduce memory usage. Loaded Objects now: 2074.
Total: 2.240500 ms (FindLiveObjects: 0.391400 ms CreateObjectMapping: 0.065900 ms MarkObjects: 1.722100 ms  DeleteObjects: 0.060200 ms)

========================================================================
Received Import Request.
  Time since last request: 852.464685 seconds.
  path: Assets/Prefabs/Build Plate.prefab
  artifactKey: Guid(012beba0df57bae44839883bb08ca0f2) Importer(815301076,1909f56bfc062723c751e8b465ee728b)
Start importing Assets/Prefabs/Build Plate.prefab using Guid(012beba0df57bae44839883bb08ca0f2) Importer(815301076,1909f56bfc062723c751e8b465ee728b)  -> (artifact id: 'a1efa90bca285e6a49b9fe5de812b940') in 0.063057 seconds
  Import took 0.066183 seconds .

========================================================================
Received Import Request.
  Time since last request: 5.495065 seconds.
  path: Assets/Prefabs/Build Plate.prefab
  artifactKey: Guid(012beba0df57bae44839883bb08ca0f2) Importer(815301076,1909f56bfc062723c751e8b465ee728b)
Start importing Assets/Prefabs/Build Plate.prefab using Guid(012beba0df57bae44839883bb08ca0f2) Importer(815301076,1909f56bfc062723c751e8b465ee728b)  -> (artifact id: '2d48aaac5fe9c18b6640e7bb7e3bdf00') in 0.012881 seconds
  Import took 0.016054 seconds .

========================================================================
Received Import Request.
  Time since last request: 3.239601 seconds.
  path: Assets/Prefabs/Build Plate.prefab
  artifactKey: Guid(012beba0df57bae44839883bb08ca0f2) Importer(815301076,1909f56bfc062723c751e8b465ee728b)
Start importing Assets/Prefabs/Build Plate.prefab using Guid(012beba0df57bae44839883bb08ca0f2) Importer(815301076,1909f56bfc062723c751e8b465ee728b)  -> (artifact id: 'efcd4a5eb447d952bb0f8c77c798a1ec') in 0.016666 seconds
  Import took 0.019769 seconds .

========================================================================
Received Import Request.
  Time since last request: 5.758699 seconds.
  path: Assets/Prefabs/Build Plate.prefab
  artifactKey: Guid(012beba0df57bae44839883bb08ca0f2) Importer(815301076,1909f56bfc062723c751e8b465ee728b)
Start importing Assets/Prefabs/Build Plate.prefab using Guid(012beba0df57bae44839883bb08ca0f2) Importer(815301076,1909f56bfc062723c751e8b465ee728b)  -> (artifact id: '0f530b865096f7efe684a485026557f8') in 0.014918 seconds
  Import took 0.018735 seconds .

========================================================================
Received Import Request.
  Time since last request: 4.376748 seconds.
  path: Assets/Prefabs/Build Plate.prefab
  artifactKey: Guid(012beba0df57bae44839883bb08ca0f2) Importer(815301076,1909f56bfc062723c751e8b465ee728b)
Start importing Assets/Prefabs/Build Plate.prefab using Guid(012beba0df57bae44839883bb08ca0f2) Importer(815301076,1909f56bfc062723c751e8b465ee728b)  -> (artifact id: '3419793ba382eed2ab2b34e9ee1ce711') in 0.016945 seconds
  Import took 0.021711 seconds .

========================================================================
Received Prepare
Registering precompiled user dll's ...
Registered in 0.000741 seconds.
Begin MonoManager ReloadAssembly
Native extension for WindowsStandalone target not found
Refreshing native plugins compatible for Editor in 0.29 ms, found 0 plugins.
Preloading 0 native plugins for Editor in 0.00 ms.
Invoked RoslynAnalysisRunner static constructor.
RoslynAnalysisRunner will not be running.
RoslynAnalysisRunner has terminated.
Mono: successfully reloaded assembly
- Completed reload, in  0.820 seconds
Platform modules already initialized, skipping
Refreshing native plugins compatible for Editor in 0.27 ms, found 0 plugins.
Preloading 0 native plugins for Editor in 0.00 ms.
Unloading 1500 Unused Serialized files (Serialized files now loaded: 0)
System memory in use before: 76.3 MB.
System memory in use after: 76.4 MB.

Unloading 7 unused Assets to reduce memory usage. Loaded Objects now: 2078.
Total: 2.298500 ms (FindLiveObjects: 0.213500 ms CreateObjectMapping: 0.055300 ms MarkObjects: 1.936600 ms  DeleteObjects: 0.091700 ms)

========================================================================
Received Prepare
Registering precompiled user dll's ...
Registered in 0.000805 seconds.
Begin MonoManager ReloadAssembly
Native extension for WindowsStandalone target not found
Refreshing native plugins compatible for Editor in 0.29 ms, found 0 plugins.
Preloading 0 native plugins for Editor in 0.00 ms.
Invoked RoslynAnalysisRunner static constructor.
RoslynAnalysisRunner will not be running.
RoslynAnalysisRunner has terminated.
Mono: successfully reloaded assembly
- Completed reload, in  0.826 seconds
Platform modules already initialized, skipping
Refreshing native plugins compatible for Editor in 0.55 ms, found 0 plugins.
Preloading 0 native plugins for Editor in 0.00 ms.
Unloading 1500 Unused Serialized files (Serialized files now loaded: 0)
System memory in use before: 76.3 MB.
System memory in use after: 76.4 MB.

Unloading 5 unused Assets to reduce memory usage. Loaded Objects now: 2081.
Total: 2.023500 ms (FindLiveObjects: 0.228300 ms CreateObjectMapping: 0.062400 ms MarkObjects: 1.663300 ms  DeleteObjects: 0.068000 ms)

========================================================================
Received Import Request.
  Time since last request: 238.011782 seconds.
  path: Assets/Prefabs/Build Plate.prefab
  artifactKey: Guid(012beba0df57bae44839883bb08ca0f2) Importer(815301076,1909f56bfc062723c751e8b465ee728b)
Start importing Assets/Prefabs/Build Plate.prefab using Guid(012beba0df57bae44839883bb08ca0f2) Importer(815301076,1909f56bfc062723c751e8b465ee728b)  -> (artifact id: '23d75ddd79090ea228c0d0b4d89aa099') in 0.059817 seconds
  Import took 0.062743 seconds .

========================================================================
Received Import Request.
  Time since last request: 2.181474 seconds.
  path: Assets/Prefabs/Build Plate.prefab
  artifactKey: Guid(012beba0df57bae44839883bb08ca0f2) Importer(815301076,1909f56bfc062723c751e8b465ee728b)
Start importing Assets/Prefabs/Build Plate.prefab using Guid(012beba0df57bae44839883bb08ca0f2) Importer(815301076,1909f56bfc062723c751e8b465ee728b)  -> (artifact id: 'b141b4e7c8600b469c4ae75c798717f6') in 0.016195 seconds
  Import took 0.020343 seconds .

========================================================================
Received Import Request.
  Time since last request: 17.961929 seconds.
  path: Assets/Prefabs/Build Plate.prefab
  artifactKey: Guid(012beba0df57bae44839883bb08ca0f2) Importer(815301076,1909f56bfc062723c751e8b465ee728b)
Start importing Assets/Prefabs/Build Plate.prefab using Guid(012beba0df57bae44839883bb08ca0f2) Importer(815301076,1909f56bfc062723c751e8b465ee728b)  -> (artifact id: 'b8be5b9a8b1d893a6fe0429f3eb34136') in 0.015759 seconds
  Import took 0.019301 seconds .

========================================================================
Received Import Request.
  Time since last request: 2.446372 seconds.
  path: Assets/Prefabs/Build Plate.prefab
  artifactKey: Guid(012beba0df57bae44839883bb08ca0f2) Importer(815301076,1909f56bfc062723c751e8b465ee728b)
Start importing Assets/Prefabs/Build Plate.prefab using Guid(012beba0df57bae44839883bb08ca0f2) Importer(815301076,1909f56bfc062723c751e8b465ee728b)  -> (artifact id: 'eb55f3b6d1c72aa69ad5be86e3d7917b') in 0.011553 seconds
  Import took 0.014515 seconds .

========================================================================
Received Import Request.
  Time since last request: 4.231232 seconds.
  path: Assets/Prefabs/Build Plate.prefab
  artifactKey: Guid(012beba0df57bae44839883bb08ca0f2) Importer(815301076,1909f56bfc062723c751e8b465ee728b)
Start importing Assets/Prefabs/Build Plate.prefab using Guid(012beba0df57bae44839883bb08ca0f2) Importer(815301076,1909f56bfc062723c751e8b465ee728b)  -> (artifact id: 'cfd26d9e6c3f4761407cfa9b5a11f64a') in 0.028643 seconds
  Import took 0.033969 seconds .

========================================================================
Received Import Request.
  Time since last request: 13.492056 seconds.
  path: Assets/Prefabs/Build Plate.prefab
  artifactKey: Guid(012beba0df57bae44839883bb08ca0f2) Importer(815301076,1909f56bfc062723c751e8b465ee728b)
Start importing Assets/Prefabs/Build Plate.prefab using Guid(012beba0df57bae44839883bb08ca0f2) Importer(815301076,1909f56bfc062723c751e8b465ee728b)  -> (artifact id: '96f4984012cd9920834a61b3dabe718b') in 0.018578 seconds
  Import took 0.023604 seconds .

========================================================================
Received Import Request.
  Time since last request: 6.539224 seconds.
  path: Assets/Prefabs/Build Plate.prefab
  artifactKey: Guid(012beba0df57bae44839883bb08ca0f2) Importer(815301076,1909f56bfc062723c751e8b465ee728b)
Start importing Assets/Prefabs/Build Plate.prefab using Guid(012beba0df57bae44839883bb08ca0f2) Importer(815301076,1909f56bfc062723c751e8b465ee728b)  -> (artifact id: '3940f37e5abe28917c476846bcd83f74') in 0.017049 seconds
  Import took 0.021974 seconds .

========================================================================
Received Import Request.
  Time since last request: 2.873082 seconds.
  path: Assets/Prefabs/Build Plate.prefab
  artifactKey: Guid(012beba0df57bae44839883bb08ca0f2) Importer(815301076,1909f56bfc062723c751e8b465ee728b)
Start importing Assets/Prefabs/Build Plate.prefab using Guid(012beba0df57bae44839883bb08ca0f2) Importer(815301076,1909f56bfc062723c751e8b465ee728b)  -> (artifact id: 'de3960873ec25c3e57b3bbe7905c1f6a') in 0.017081 seconds
  Import took 0.020673 seconds .

========================================================================
Received Import Request.
  Time since last request: 3.014212 seconds.
  path: Assets/Prefabs/Build Plate.prefab
  artifactKey: Guid(012beba0df57bae44839883bb08ca0f2) Importer(815301076,1909f56bfc062723c751e8b465ee728b)
Start importing Assets/Prefabs/Build Plate.prefab using Guid(012beba0df57bae44839883bb08ca0f2) Importer(815301076,1909f56bfc062723c751e8b465ee728b)  -> (artifact id: 'e18a5009617058fd95491eda2af1880b') in 0.014543 seconds
  Import took 0.017928 seconds .

========================================================================
Received Prepare
Registering precompiled user dll's ...
Registered in 0.000797 seconds.
Begin MonoManager ReloadAssembly
Native extension for WindowsStandalone target not found
Refreshing native plugins compatible for Editor in 0.40 ms, found 0 plugins.
Preloading 0 native plugins for Editor in 0.00 ms.
Invoked RoslynAnalysisRunner static constructor.
RoslynAnalysisRunner will not be running.
RoslynAnalysisRunner has terminated.
Mono: successfully reloaded assembly
- Completed reload, in  0.834 seconds
Platform modules already initialized, skipping
Refreshing native plugins compatible for Editor in 0.31 ms, found 0 plugins.
Preloading 0 native plugins for Editor in 0.00 ms.
Unloading 1500 Unused Serialized files (Serialized files now loaded: 0)
System memory in use before: 76.3 MB.
System memory in use after: 76.4 MB.

Unloading 7 unused Assets to reduce memory usage. Loaded Objects now: 2085.
Total: 2.416100 ms (FindLiveObjects: 0.340600 ms CreateObjectMapping: 0.063500 ms MarkObjects: 1.940900 ms  DeleteObjects: 0.068900 ms)

========================================================================
Received Prepare
Registering precompiled user dll's ...
Registered in 0.001001 seconds.
Begin MonoManager ReloadAssembly
Native extension for WindowsStandalone target not found
Refreshing native plugins compatible for Editor in 0.51 ms, found 0 plugins.
Preloading 0 native plugins for Editor in 0.00 ms.
Invoked RoslynAnalysisRunner static constructor.
RoslynAnalysisRunner will not be running.
RoslynAnalysisRunner has terminated.
Mono: successfully reloaded assembly
- Completed reload, in  0.829 seconds
Platform modules already initialized, skipping
Refreshing native plugins compatible for Editor in 0.33 ms, found 0 plugins.
Preloading 0 native plugins for Editor in 0.00 ms.
Unloading 1500 Unused Serialized files (Serialized files now loaded: 0)
System memory in use before: 76.4 MB.
System memory in use after: 76.4 MB.

Unloading 5 unused Assets to reduce memory usage. Loaded Objects now: 2088.
Total: 2.719100 ms (FindLiveObjects: 0.712200 ms CreateObjectMapping: 0.086500 ms MarkObjects: 1.837400 ms  DeleteObjects: 0.076000 ms)

========================================================================
Received Import Request.
  Time since last request: 590.513725 seconds.
  path: Assets/Prefabs/Build Plate.prefab
  artifactKey: Guid(012beba0df57bae44839883bb08ca0f2) Importer(815301076,1909f56bfc062723c751e8b465ee728b)
Start importing Assets/Prefabs/Build Plate.prefab using Guid(012beba0df57bae44839883bb08ca0f2) Importer(815301076,1909f56bfc062723c751e8b465ee728b)  -> (artifact id: 'c1f63a0f8a1d0eddb18423a9822c56b9') in 0.068372 seconds
  Import took 0.071956 seconds .

========================================================================
Received Import Request.
  Time since last request: 185.585022 seconds.
  path: Assets/Prefabs/Build Plate.prefab
  artifactKey: Guid(012beba0df57bae44839883bb08ca0f2) Importer(815301076,1909f56bfc062723c751e8b465ee728b)
Start importing Assets/Prefabs/Build Plate.prefab using Guid(012beba0df57bae44839883bb08ca0f2) Importer(815301076,1909f56bfc062723c751e8b465ee728b)  -> (artifact id: '06fa727fc9beb1b9f9c152d7de7b76a6') in 0.016231 seconds
  Import took 0.019187 seconds .

========================================================================
Received Import Request.
  Time since last request: 0.000298 seconds.
  path: Assets/Prefabs/Turret.prefab
  artifactKey: Guid(ac675cc045ca6d141a2533e2bf78a01a) Importer(815301076,1909f56bfc062723c751e8b465ee728b)
Start importing Assets/Prefabs/Turret.prefab using Guid(ac675cc045ca6d141a2533e2bf78a01a) Importer(815301076,1909f56bfc062723c751e8b465ee728b)  -> (artifact id: '352be2eef4ef150cba10970d4568483a') in 0.013083 seconds
  Import took 0.016406 seconds .

========================================================================
Received Import Request.
  Time since last request: 2.530077 seconds.
  path: Assets/Prefabs/Build Plate.prefab
  artifactKey: Guid(012beba0df57bae44839883bb08ca0f2) Importer(815301076,1909f56bfc062723c751e8b465ee728b)
Start importing Assets/Prefabs/Build Plate.prefab using Guid(012beba0df57bae44839883bb08ca0f2) Importer(815301076,1909f56bfc062723c751e8b465ee728b)  -> (artifact id: 'd2a5b877c37cf89ac945d8b33aa1a4cf') in 0.013930 seconds
  Import took 0.017005 seconds .

========================================================================
Received Import Request.
  Time since last request: 0.000280 seconds.
  path: Assets/Prefabs/Turret.prefab
  artifactKey: Guid(ac675cc045ca6d141a2533e2bf78a01a) Importer(815301076,1909f56bfc062723c751e8b465ee728b)
Start importing Assets/Prefabs/Turret.prefab using Guid(ac675cc045ca6d141a2533e2bf78a01a) Importer(815301076,1909f56bfc062723c751e8b465ee728b)  -> (artifact id: 'ae851555721cc59addae3355fde3e06e') in 0.013026 seconds
  Import took 0.015602 seconds .

========================================================================
Received Import Request.
  Time since last request: 67.303945 seconds.
  path: Assets/Prefabs/Build Plate.prefab
  artifactKey: Guid(012beba0df57bae44839883bb08ca0f2) Importer(815301076,1909f56bfc062723c751e8b465ee728b)
Start importing Assets/Prefabs/Build Plate.prefab using Guid(012beba0df57bae44839883bb08ca0f2) Importer(815301076,1909f56bfc062723c751e8b465ee728b)  -> (artifact id: '24c70c2f9432beb576429814059191b8') in 0.016285 seconds
  Import took 0.020164 seconds .

========================================================================
Received Import Request.
  Time since last request: 0.000311 seconds.
  path: Assets/Prefabs/Turret.prefab
  artifactKey: Guid(ac675cc045ca6d141a2533e2bf78a01a) Importer(815301076,1909f56bfc062723c751e8b465ee728b)
Start importing Assets/Prefabs/Turret.prefab using Guid(ac675cc045ca6d141a2533e2bf78a01a) Importer(815301076,1909f56bfc062723c751e8b465ee728b)  -> (artifact id: 'd5e978b435df6c4530874458771c0d21') in 0.009465 seconds
  Import took 0.012216 seconds .

========================================================================
Received Import Request.
  Time since last request: 218.806681 seconds.
  path: Assets/Prefabs/Build Plate.prefab
  artifactKey: Guid(012beba0df57bae44839883bb08ca0f2) Importer(815301076,1909f56bfc062723c751e8b465ee728b)
Start importing Assets/Prefabs/Build Plate.prefab using Guid(012beba0df57bae44839883bb08ca0f2) Importer(815301076,1909f56bfc062723c751e8b465ee728b)  -> (artifact id: '5b1185153b4c136a4725efcde0a41533') in 0.022464 seconds
  Import took 0.026500 seconds .

========================================================================
Received Import Request.
  Time since last request: 0.000333 seconds.
  path: Assets/Prefabs/Turret.prefab
  artifactKey: Guid(ac675cc045ca6d141a2533e2bf78a01a) Importer(815301076,1909f56bfc062723c751e8b465ee728b)
Start importing Assets/Prefabs/Turret.prefab using Guid(ac675cc045ca6d141a2533e2bf78a01a) Importer(815301076,1909f56bfc062723c751e8b465ee728b)  -> (artifact id: '37adc88d4eed318e4ba395487cde4ec4') in 0.009814 seconds
  Import took 0.013474 seconds .

========================================================================
Received Import Request.
  Time since last request: 21.392325 seconds.
  path: Assets/Prefabs/Build Plate.prefab
  artifactKey: Guid(012beba0df57bae44839883bb08ca0f2) Importer(815301076,1909f56bfc062723c751e8b465ee728b)
Start importing Assets/Prefabs/Build Plate.prefab using Guid(012beba0df57bae44839883bb08ca0f2) Importer(815301076,1909f56bfc062723c751e8b465ee728b)  -> (artifact id: '8c187cd0b7afcc7e8b655979f1fee919') in 0.019948 seconds
  Import took 0.023763 seconds .

========================================================================
Received Import Request.
  Time since last request: 0.000346 seconds.
  path: Assets/Prefabs/Turret.prefab
  artifactKey: Guid(ac675cc045ca6d141a2533e2bf78a01a) Importer(815301076,1909f56bfc062723c751e8b465ee728b)
Start importing Assets/Prefabs/Turret.prefab using Guid(ac675cc045ca6d141a2533e2bf78a01a) Importer(815301076,1909f56bfc062723c751e8b465ee728b)  -> (artifact id: 'eb236135e6794200766e5b6e420a1796') in 0.012094 seconds
  Import took 0.015224 seconds .

========================================================================
Received Import Request.
  Time since last request: 1.559104 seconds.
  path: Assets/Prefabs/Build Plate.prefab
  artifactKey: Guid(012beba0df57bae44839883bb08ca0f2) Importer(815301076,1909f56bfc062723c751e8b465ee728b)
Start importing Assets/Prefabs/Build Plate.prefab using Guid(012beba0df57bae44839883bb08ca0f2) Importer(815301076,1909f56bfc062723c751e8b465ee728b)  -> (artifact id: '5c711153f4dfe14656c47c3d36e954c9') in 0.021934 seconds
  Import took 0.025708 seconds .

========================================================================
Received Import Request.
  Time since last request: 0.000409 seconds.
  path: Assets/Prefabs/Turret.prefab
  artifactKey: Guid(ac675cc045ca6d141a2533e2bf78a01a) Importer(815301076,1909f56bfc062723c751e8b465ee728b)
Start importing Assets/Prefabs/Turret.prefab using Guid(ac675cc045ca6d141a2533e2bf78a01a) Importer(815301076,1909f56bfc062723c751e8b465ee728b)  -> (artifact id: '04f4656bfede13acf3eee77a7db33205') in 0.014620 seconds
  Import took 0.017962 seconds .

========================================================================
Received Import Request.
  Time since last request: 0.971515 seconds.
  path: Assets/Prefabs/Build Plate.prefab
  artifactKey: Guid(012beba0df57bae44839883bb08ca0f2) Importer(815301076,1909f56bfc062723c751e8b465ee728b)
Start importing Assets/Prefabs/Build Plate.prefab using Guid(012beba0df57bae44839883bb08ca0f2) Importer(815301076,1909f56bfc062723c751e8b465ee728b)  -> (artifact id: '73a4cfa07225ff7fe5b14b3d26a6a8b0') in 0.017111 seconds
  Import took 0.020538 seconds .

========================================================================
Received Import Request.
  Time since last request: 0.000219 seconds.
  path: Assets/Prefabs/Turret.prefab
  artifactKey: Guid(ac675cc045ca6d141a2533e2bf78a01a) Importer(815301076,1909f56bfc062723c751e8b465ee728b)
Start importing Assets/Prefabs/Turret.prefab using Guid(ac675cc045ca6d141a2533e2bf78a01a) Importer(815301076,1909f56bfc062723c751e8b465ee728b)  -> (artifact id: '75e506ac09cc33245d354e1ebb271276') in 0.015413 seconds
  Import took 0.019037 seconds .

========================================================================
Received Import Request.
  Time since last request: 66.678282 seconds.
  path: Assets/Prefabs/Build Plate.prefab
  artifactKey: Guid(012beba0df57bae44839883bb08ca0f2) Importer(815301076,1909f56bfc062723c751e8b465ee728b)
Start importing Assets/Prefabs/Build Plate.prefab using Guid(012beba0df57bae44839883bb08ca0f2) Importer(815301076,1909f56bfc062723c751e8b465ee728b)  -> (artifact id: 'f4dd7c98df43aec0e04e9b4b7d49d5b1') in 0.021636 seconds
  Import took 0.025161 seconds .

========================================================================
Received Import Request.
  Time since last request: 8.817993 seconds.
  path: Assets/Prefabs/Build Plate.prefab
  artifactKey: Guid(012beba0df57bae44839883bb08ca0f2) Importer(815301076,1909f56bfc062723c751e8b465ee728b)
Start importing Assets/Prefabs/Build Plate.prefab using Guid(012beba0df57bae44839883bb08ca0f2) Importer(815301076,1909f56bfc062723c751e8b465ee728b)  -> (artifact id: 'eb70ac29c4c63d847cc054e82849a52d') in 0.019940 seconds
  Import took 0.024011 seconds .

========================================================================
Received Import Request.
  Time since last request: 9.689929 seconds.
  path: Assets/Prefabs/Build Plate.prefab
  artifactKey: Guid(012beba0df57bae44839883bb08ca0f2) Importer(815301076,1909f56bfc062723c751e8b465ee728b)
Start importing Assets/Prefabs/Build Plate.prefab using Guid(012beba0df57bae44839883bb08ca0f2) Importer(815301076,1909f56bfc062723c751e8b465ee728b)  -> (artifact id: 'b4572c83f09dd2dbdb6cf90c9b3d6949') in 0.019982 seconds
  Import took 0.035109 seconds .

========================================================================
Received Import Request.
  Time since last request: 7.281348 seconds.
  path: Assets/Prefabs/Build Plate.prefab
  artifactKey: Guid(012beba0df57bae44839883bb08ca0f2) Importer(815301076,1909f56bfc062723c751e8b465ee728b)
Start importing Assets/Prefabs/Build Plate.prefab using Guid(012beba0df57bae44839883bb08ca0f2) Importer(815301076,1909f56bfc062723c751e8b465ee728b)  -> (artifact id: 'a047d81712da7eb0ab04489a3dcef2b2') in 0.023402 seconds
  Import took 0.028203 seconds .

========================================================================
Received Import Request.
  Time since last request: 4.354251 seconds.
  path: Assets/Prefabs/Build Plate.prefab
  artifactKey: Guid(012beba0df57bae44839883bb08ca0f2) Importer(815301076,1909f56bfc062723c751e8b465ee728b)
Start importing Assets/Prefabs/Build Plate.prefab using Guid(012beba0df57bae44839883bb08ca0f2) Importer(815301076,1909f56bfc062723c751e8b465ee728b)  -> (artifact id: '55fa45546c7a80635aa48c677275e72f') in 0.015723 seconds
  Import took 0.020038 seconds .

========================================================================
Received Import Request.
  Time since last request: 25.045645 seconds.
  path: Assets/Prefabs/Build Plate.prefab
  artifactKey: Guid(012beba0df57bae44839883bb08ca0f2) Importer(815301076,1909f56bfc062723c751e8b465ee728b)
Start importing Assets/Prefabs/Build Plate.prefab using Guid(012beba0df57bae44839883bb08ca0f2) Importer(815301076,1909f56bfc062723c751e8b465ee728b)  -> (artifact id: '7db5685e7737c01b1ec25d3ba883454d') in 0.018518 seconds
  Import took 0.021611 seconds .

========================================================================
Received Import Request.
  Time since last request: 90.636099 seconds.
  path: Assets/Sprites/White Square.png
  artifactKey: Guid(bb2c9f9db9e2543419a10f61a4b0a3a5) Importer(815301076,1909f56bfc062723c751e8b465ee728b)
Start importing Assets/Sprites/White Square.png using Guid(bb2c9f9db9e2543419a10f61a4b0a3a5) Importer(815301076,1909f56bfc062723c751e8b465ee728b)  -> (artifact id: '8e41ad295fdf933eb38ee669f3b27d3c') in 0.167288 seconds
  Import took 0.170111 seconds .

========================================================================
Received Prepare
Registering precompiled user dll's ...
Registered in 0.000803 seconds.
Begin MonoManager ReloadAssembly
Native extension for WindowsStandalone target not found
Refreshing native plugins compatible for Editor in 0.27 ms, found 0 plugins.
Preloading 0 native plugins for Editor in 0.00 ms.
Invoked RoslynAnalysisRunner static constructor.
RoslynAnalysisRunner will not be running.
RoslynAnalysisRunner has terminated.
Mono: successfully reloaded assembly
- Completed reload, in  0.827 seconds
Platform modules already initialized, skipping
Refreshing native plugins compatible for Editor in 0.51 ms, found 0 plugins.
Preloading 0 native plugins for Editor in 0.00 ms.
Unloading 1500 Unused Serialized files (Serialized files now loaded: 0)
System memory in use before: 76.4 MB.
System memory in use after: 76.5 MB.

Unloading 7 unused Assets to reduce memory usage. Loaded Objects now: 2095.
Total: 4.535400 ms (FindLiveObjects: 1.294600 ms CreateObjectMapping: 0.139300 ms MarkObjects: 2.899200 ms  DeleteObjects: 0.198100 ms)

========================================================================
Received Prepare
Registering precompiled user dll's ...
Registered in 0.001478 seconds.
Begin MonoManager ReloadAssembly
Native extension for WindowsStandalone target not found
Refreshing native plugins compatible for Editor in 0.27 ms, found 0 plugins.
Preloading 0 native plugins for Editor in 0.00 ms.
Invoked RoslynAnalysisRunner static constructor.
RoslynAnalysisRunner will not be running.
RoslynAnalysisRunner has terminated.
Mono: successfully reloaded assembly
- Completed reload, in  0.842 seconds
Platform modules already initialized, skipping
Refreshing native plugins compatible for Editor in 0.28 ms, found 0 plugins.
Preloading 0 native plugins for Editor in 0.00 ms.
Unloading 1500 Unused Serialized files (Serialized files now loaded: 0)
System memory in use before: 76.4 MB.
System memory in use after: 76.5 MB.

Unloading 5 unused Assets to reduce memory usage. Loaded Objects now: 2098.
Total: 2.521200 ms (FindLiveObjects: 0.659700 ms CreateObjectMapping: 0.058700 ms MarkObjects: 1.730600 ms  DeleteObjects: 0.068700 ms)

========================================================================
Received Import Request.
  Time since last request: 127.683863 seconds.
  path: Assets/Prefabs/Ranged Enemy.prefab
  artifactKey: Guid(29ba67b84caf67d4cb440eec1f143bf4) Importer(815301076,1909f56bfc062723c751e8b465ee728b)
Start importing Assets/Prefabs/Ranged Enemy.prefab using Guid(29ba67b84caf67d4cb440eec1f143bf4) Importer(815301076,1909f56bfc062723c751e8b465ee728b)  -> (artifact id: 'e7179afcf4f8d6cb7dda8bde88520e65') in 0.055497 seconds
  Import took 0.059837 seconds .

========================================================================
Received Prepare
Registering precompiled user dll's ...
Registered in 0.000726 seconds.
Begin MonoManager ReloadAssembly
Native extension for WindowsStandalone target not found
Refreshing native plugins compatible for Editor in 0.30 ms, found 0 plugins.
Preloading 0 native plugins for Editor in 0.00 ms.
Invoked RoslynAnalysisRunner static constructor.
RoslynAnalysisRunner will not be running.
RoslynAnalysisRunner has terminated.
Mono: successfully reloaded assembly
- Completed reload, in  0.792 seconds
Platform modules already initialized, skipping
Refreshing native plugins compatible for Editor in 0.26 ms, found 0 plugins.
Preloading 0 native plugins for Editor in 0.00 ms.
Unloading 1500 Unused Serialized files (Serialized files now loaded: 0)
System memory in use before: 76.5 MB.
System memory in use after: 76.6 MB.

Unloading 5 unused Assets to reduce memory usage. Loaded Objects now: 2103.
Total: 1.894100 ms (FindLiveObjects: 0.279700 ms CreateObjectMapping: 0.054400 ms MarkObjects: 1.489500 ms  DeleteObjects: 0.069200 ms)

========================================================================
Received Prepare
Registering precompiled user dll's ...
Registered in 0.000713 seconds.
Begin MonoManager ReloadAssembly
Native extension for WindowsStandalone target not found
Refreshing native plugins compatible for Editor in 0.28 ms, found 0 plugins.
Preloading 0 native plugins for Editor in 0.00 ms.
Invoked RoslynAnalysisRunner static constructor.
RoslynAnalysisRunner will not be running.
RoslynAnalysisRunner has terminated.
Mono: successfully reloaded assembly
- Completed reload, in  0.801 seconds
Platform modules already initialized, skipping
Refreshing native plugins compatible for Editor in 0.71 ms, found 0 plugins.
Preloading 0 native plugins for Editor in 0.00 ms.
Unloading 1500 Unused Serialized files (Serialized files now loaded: 0)
System memory in use before: 76.5 MB.
System memory in use after: 76.6 MB.

Unloading 5 unused Assets to reduce memory usage. Loaded Objects now: 2106.
Total: 2.155800 ms (FindLiveObjects: 0.176500 ms CreateObjectMapping: 0.050100 ms MarkObjects: 1.856400 ms  DeleteObjects: 0.072100 ms)

========================================================================
Received Import Request.
  Time since last request: 492.081655 seconds.
  path: Assets/Prefabs/Ranged Enemy.prefab
  artifactKey: Guid(29ba67b84caf67d4cb440eec1f143bf4) Importer(815301076,1909f56bfc062723c751e8b465ee728b)
Start importing Assets/Prefabs/Ranged Enemy.prefab using Guid(29ba67b84caf67d4cb440eec1f143bf4) Importer(815301076,1909f56bfc062723c751e8b465ee728b)  -> (artifact id: '24a9628b8ccfa71b4ee04cd7932be021') in 0.054774 seconds
  Import took 0.058070 seconds .

========================================================================
Received Import Request.
  Time since last request: 34.640209 seconds.
  path: Assets/Prefabs/Build Plate.prefab
  artifactKey: Guid(012beba0df57bae44839883bb08ca0f2) Importer(815301076,1909f56bfc062723c751e8b465ee728b)
Start importing Assets/Prefabs/Build Plate.prefab using Guid(012beba0df57bae44839883bb08ca0f2) Importer(815301076,1909f56bfc062723c751e8b465ee728b)  -> (artifact id: 'b8c08753578043e0391d3c37249aefd1') in 0.016760 seconds
  Import took 0.019640 seconds .

========================================================================
Received Prepare
Registering precompiled user dll's ...
Registered in 0.001903 seconds.
Begin MonoManager ReloadAssembly
Native extension for WindowsStandalone target not found
Refreshing native plugins compatible for Editor in 0.59 ms, found 0 plugins.
Preloading 0 native plugins for Editor in 0.00 ms.
Invoked RoslynAnalysisRunner static constructor.
RoslynAnalysisRunner will not be running.
RoslynAnalysisRunner has terminated.
Mono: successfully reloaded assembly
- Completed reload, in  0.787 seconds
Platform modules already initialized, skipping
Refreshing native plugins compatible for Editor in 0.27 ms, found 0 plugins.
Preloading 0 native plugins for Editor in 0.00 ms.
Unloading 1500 Unused Serialized files (Serialized files now loaded: 0)
System memory in use before: 76.5 MB.
System memory in use after: 76.6 MB.

Unloading 5 unused Assets to reduce memory usage. Loaded Objects now: 2110.
Total: 1.893400 ms (FindLiveObjects: 0.155400 ms CreateObjectMapping: 0.041400 ms MarkObjects: 1.625500 ms  DeleteObjects: 0.070000 ms)

========================================================================
Received Prepare
Registering precompiled user dll's ...
Registered in 0.000899 seconds.
Begin MonoManager ReloadAssembly
Native extension for WindowsStandalone target not found
Refreshing native plugins compatible for Editor in 0.28 ms, found 0 plugins.
Preloading 0 native plugins for Editor in 0.00 ms.
Invoked RoslynAnalysisRunner static constructor.
RoslynAnalysisRunner will not be running.
RoslynAnalysisRunner has terminated.
Mono: successfully reloaded assembly
- Completed reload, in  0.830 seconds
Platform modules already initialized, skipping
Refreshing native plugins compatible for Editor in 0.27 ms, found 0 plugins.
Preloading 0 native plugins for Editor in 0.00 ms.
Unloading 1500 Unused Serialized files (Serialized files now loaded: 0)
System memory in use before: 76.5 MB.
System memory in use after: 76.6 MB.

Unloading 5 unused Assets to reduce memory usage. Loaded Objects now: 2113.
Total: 2.222500 ms (FindLiveObjects: 0.196100 ms CreateObjectMapping: 0.055100 ms MarkObjects: 1.889600 ms  DeleteObjects: 0.080600 ms)

========================================================================
Received Prepare
Registering precompiled user dll's ...
Registered in 0.000769 seconds.
Begin MonoManager ReloadAssembly
Native extension for WindowsStandalone target not found
Refreshing native plugins compatible for Editor in 0.47 ms, found 0 plugins.
Preloading 0 native plugins for Editor in 0.00 ms.
Invoked RoslynAnalysisRunner static constructor.
RoslynAnalysisRunner will not be running.
RoslynAnalysisRunner has terminated.
Mono: successfully reloaded assembly
- Completed reload, in  0.846 seconds
Platform modules already initialized, skipping
Refreshing native plugins compatible for Editor in 0.27 ms, found 0 plugins.
Preloading 0 native plugins for Editor in 0.00 ms.
Unloading 1500 Unused Serialized files (Serialized files now loaded: 0)
System memory in use before: 76.5 MB.
System memory in use after: 76.6 MB.

Unloading 5 unused Assets to reduce memory usage. Loaded Objects now: 2116.
Total: 1.854000 ms (FindLiveObjects: 0.188700 ms CreateObjectMapping: 0.051300 ms MarkObjects: 1.547300 ms  DeleteObjects: 0.065300 ms)

========================================================================
Received Import Request.
  Time since last request: 598.604644 seconds.
  path: Assets/Prefabs/Ranged Enemy.prefab
  artifactKey: Guid(29ba67b84caf67d4cb440eec1f143bf4) Importer(815301076,1909f56bfc062723c751e8b465ee728b)
Start importing Assets/Prefabs/Ranged Enemy.prefab using Guid(29ba67b84caf67d4cb440eec1f143bf4) Importer(815301076,1909f56bfc062723c751e8b465ee728b)  -> (artifact id: 'c8011611755e09154320a6ea90c00ac5') in 0.068134 seconds
  Import took 0.071055 seconds .

========================================================================
Received Import Request.
  Time since last request: 30.885383 seconds.
  path: Assets/Prefabs/Ranged Enemy.prefab
  artifactKey: Guid(29ba67b84caf67d4cb440eec1f143bf4) Importer(815301076,1909f56bfc062723c751e8b465ee728b)
Start importing Assets/Prefabs/Ranged Enemy.prefab using Guid(29ba67b84caf67d4cb440eec1f143bf4) Importer(815301076,1909f56bfc062723c751e8b465ee728b)  -> (artifact id: '357baf9ea7f833b5daa2d5708563a2d7') in 0.008802 seconds
  Import took 0.012024 seconds .

========================================================================
Received Import Request.
  Time since last request: 2.919477 seconds.
  path: Assets/Prefabs/Ranged Enemy.prefab
  artifactKey: Guid(29ba67b84caf67d4cb440eec1f143bf4) Importer(815301076,1909f56bfc062723c751e8b465ee728b)
Start importing Assets/Prefabs/Ranged Enemy.prefab using Guid(29ba67b84caf67d4cb440eec1f143bf4) Importer(815301076,1909f56bfc062723c751e8b465ee728b)  -> (artifact id: '8f1eeab5a42e106542d6f6f02c8fa7d4') in 0.008755 seconds
  Import took 0.011596 seconds .

========================================================================
Received Import Request.
  Time since last request: 7.711229 seconds.
  path: Assets/Prefabs/Ranged Enemy.prefab
  artifactKey: Guid(29ba67b84caf67d4cb440eec1f143bf4) Importer(815301076,1909f56bfc062723c751e8b465ee728b)
Start importing Assets/Prefabs/Ranged Enemy.prefab using Guid(29ba67b84caf67d4cb440eec1f143bf4) Importer(815301076,1909f56bfc062723c751e8b465ee728b)  -> (artifact id: '95b2d48222491a1dcee450de6653b6db') in 0.106488 seconds
  Import took 0.110691 seconds .

========================================================================
Received Import Request.
  Time since last request: 7.603063 seconds.
  path: Assets/Prefabs/Ranged Enemy.prefab
  artifactKey: Guid(29ba67b84caf67d4cb440eec1f143bf4) Importer(815301076,1909f56bfc062723c751e8b465ee728b)
Start importing Assets/Prefabs/Ranged Enemy.prefab using Guid(29ba67b84caf67d4cb440eec1f143bf4) Importer(815301076,1909f56bfc062723c751e8b465ee728b)  -> (artifact id: '6895744271c7d66c6bef1db92cfe57eb') in 0.008521 seconds
  Import took 0.011280 seconds .

========================================================================
Received Import Request.
  Time since last request: 125.795414 seconds.
  path: Assets/Prefabs/Ranged Enemy.prefab
  artifactKey: Guid(29ba67b84caf67d4cb440eec1f143bf4) Importer(815301076,1909f56bfc062723c751e8b465ee728b)
Start importing Assets/Prefabs/Ranged Enemy.prefab using Guid(29ba67b84caf67d4cb440eec1f143bf4) Importer(815301076,1909f56bfc062723c751e8b465ee728b)  -> (artifact id: 'cbe2cd66056b3fcc21d4c45ed7eba18a') in 0.016069 seconds
  Import took 0.018955 seconds .

========================================================================
Received Prepare
Registering precompiled user dll's ...
Registered in 0.000748 seconds.
Begin MonoManager ReloadAssembly
Native extension for WindowsStandalone target not found
Refreshing native plugins compatible for Editor in 0.30 ms, found 0 plugins.
Preloading 0 native plugins for Editor in 0.00 ms.
Invoked RoslynAnalysisRunner static constructor.
RoslynAnalysisRunner will not be running.
RoslynAnalysisRunner has terminated.
Mono: successfully reloaded assembly
- Completed reload, in  0.753 seconds
Platform modules already initialized, skipping
Refreshing native plugins compatible for Editor in 0.34 ms, found 0 plugins.
Preloading 0 native plugins for Editor in 0.00 ms.
Unloading 1500 Unused Serialized files (Serialized files now loaded: 0)
System memory in use before: 76.5 MB.
System memory in use after: 76.6 MB.

Unloading 5 unused Assets to reduce memory usage. Loaded Objects now: 2120.
Total: 1.988100 ms (FindLiveObjects: 0.308600 ms CreateObjectMapping: 0.089600 ms MarkObjects: 1.518000 ms  DeleteObjects: 0.070100 ms)

========================================================================
Received Prepare
Registering precompiled user dll's ...
Registered in 0.000705 seconds.
Begin MonoManager ReloadAssembly
Native extension for WindowsStandalone target not found
Refreshing native plugins compatible for Editor in 0.32 ms, found 0 plugins.
Preloading 0 native plugins for Editor in 0.00 ms.
Invoked RoslynAnalysisRunner static constructor.
RoslynAnalysisRunner will not be running.
RoslynAnalysisRunner has terminated.
Mono: successfully reloaded assembly
- Completed reload, in  0.774 seconds
Platform modules already initialized, skipping
Refreshing native plugins compatible for Editor in 0.27 ms, found 0 plugins.
Preloading 0 native plugins for Editor in 0.00 ms.
Unloading 1500 Unused Serialized files (Serialized files now loaded: 0)
System memory in use before: 76.5 MB.
System memory in use after: 76.6 MB.

Unloading 5 unused Assets to reduce memory usage. Loaded Objects now: 2123.
Total: 2.594400 ms (FindLiveObjects: 0.370200 ms CreateObjectMapping: 0.106200 ms MarkObjects: 2.041300 ms  DeleteObjects: 0.074900 ms)

========================================================================
Received Import Request.
  Time since last request: 187.474897 seconds.
  path: Assets/Prefabs/Build Plate.prefab
  artifactKey: Guid(012beba0df57bae44839883bb08ca0f2) Importer(815301076,1909f56bfc062723c751e8b465ee728b)
Start importing Assets/Prefabs/Build Plate.prefab using Guid(012beba0df57bae44839883bb08ca0f2) Importer(815301076,1909f56bfc062723c751e8b465ee728b)  -> (artifact id: '65032a82c4bbb75e21cca6862b4a7382') in 0.055241 seconds
  Import took 0.057917 seconds .

========================================================================
Received Prepare
Registering precompiled user dll's ...
Registered in 0.000756 seconds.
Begin MonoManager ReloadAssembly
Native extension for WindowsStandalone target not found
Refreshing native plugins compatible for Editor in 0.26 ms, found 0 plugins.
Preloading 0 native plugins for Editor in 0.00 ms.
Invoked RoslynAnalysisRunner static constructor.
RoslynAnalysisRunner will not be running.
RoslynAnalysisRunner has terminated.
Mono: successfully reloaded assembly
- Completed reload, in  0.802 seconds
Platform modules already initialized, skipping
Refreshing native plugins compatible for Editor in 0.27 ms, found 0 plugins.
Preloading 0 native plugins for Editor in 0.00 ms.
Unloading 1500 Unused Serialized files (Serialized files now loaded: 0)
System memory in use before: 76.6 MB.
System memory in use after: 76.6 MB.

Unloading 5 unused Assets to reduce memory usage. Loaded Objects now: 2127.
Total: 2.900100 ms (FindLiveObjects: 0.304900 ms CreateObjectMapping: 0.058500 ms MarkObjects: 2.449600 ms  DeleteObjects: 0.085700 ms)

========================================================================
Received Prepare
Registering precompiled user dll's ...
Registered in 0.001143 seconds.
Begin MonoManager ReloadAssembly
Native extension for WindowsStandalone target not found
Refreshing native plugins compatible for Editor in 0.27 ms, found 0 plugins.
Preloading 0 native plugins for Editor in 0.00 ms.
Invoked RoslynAnalysisRunner static constructor.
RoslynAnalysisRunner will not be running.
RoslynAnalysisRunner has terminated.
Mono: successfully reloaded assembly
- Completed reload, in  0.782 seconds
Platform modules already initialized, skipping
Refreshing native plugins compatible for Editor in 0.35 ms, found 0 plugins.
Preloading 0 native plugins for Editor in 0.00 ms.
Unloading 1500 Unused Serialized files (Serialized files now loaded: 0)
System memory in use before: 76.5 MB.
System memory in use after: 76.6 MB.

Unloading 5 unused Assets to reduce memory usage. Loaded Objects now: 2130.
Total: 2.255200 ms (FindLiveObjects: 0.347300 ms CreateObjectMapping: 0.115000 ms MarkObjects: 1.722100 ms  DeleteObjects: 0.068500 ms)

========================================================================
Received Prepare
Registering precompiled user dll's ...
Registered in 0.000769 seconds.
Begin MonoManager ReloadAssembly
Native extension for WindowsStandalone target not found
Refreshing native plugins compatible for Editor in 0.32 ms, found 0 plugins.
Preloading 0 native plugins for Editor in 0.00 ms.
Invoked RoslynAnalysisRunner static constructor.
RoslynAnalysisRunner will not be running.
RoslynAnalysisRunner has terminated.
Mono: successfully reloaded assembly
- Completed reload, in  1.060 seconds
Platform modules already initialized, skipping
Refreshing native plugins compatible for Editor in 0.49 ms, found 0 plugins.
Preloading 0 native plugins for Editor in 0.00 ms.
Unloading 1500 Unused Serialized files (Serialized files now loaded: 0)
System memory in use before: 76.6 MB.
System memory in use after: 76.6 MB.

Unloading 5 unused Assets to reduce memory usage. Loaded Objects now: 2133.
Total: 2.416600 ms (FindLiveObjects: 0.222000 ms CreateObjectMapping: 0.071400 ms MarkObjects: 2.028600 ms  DeleteObjects: 0.093300 ms)

========================================================================
Received Import Request.
  Time since last request: 396.897352 seconds.
  path: Assets/Prefabs/Ranged Enemy.prefab
  artifactKey: Guid(29ba67b84caf67d4cb440eec1f143bf4) Importer(815301076,1909f56bfc062723c751e8b465ee728b)
Start importing Assets/Prefabs/Ranged Enemy.prefab using Guid(29ba67b84caf67d4cb440eec1f143bf4) Importer(815301076,1909f56bfc062723c751e8b465ee728b)  -> (artifact id: '20224d54ebafc1078510bb47abd8c58d') in 0.110981 seconds
  Import took 0.113908 seconds .

========================================================================
Received Import Request.
  Time since last request: 13.805392 seconds.
  path: ProjectSettings/TagManager.asset
  artifactKey: Guid(00000000000000003000000000000000) Importer(815301076,1909f56bfc062723c751e8b465ee728b)
Start importing ProjectSettings/TagManager.asset using Guid(00000000000000003000000000000000) Importer(815301076,1909f56bfc062723c751e8b465ee728b)  -> (artifact id: 'c07ae114007f74879264da9fbb6c2275') in 0.007273 seconds
  Import took 0.011081 seconds .

========================================================================
Received Import Request.
  Time since last request: 0.002645 seconds.
  path: ProjectSettings/TagManager.asset
  artifactKey: Guid(00000000000000003000000000000000) Importer(815301076,1909f56bfc062723c751e8b465ee728b)
Start importing ProjectSettings/TagManager.asset using Guid(00000000000000003000000000000000) Importer(815301076,1909f56bfc062723c751e8b465ee728b)  -> (artifact id: 'c07ae114007f74879264da9fbb6c2275') in 0.003219 seconds
  Import took 0.006045 seconds .

========================================================================
Received Import Request.
  Time since last request: 11.676764 seconds.
  path: Assets/Prefabs/Build Plate.prefab
  artifactKey: Guid(012beba0df57bae44839883bb08ca0f2) Importer(815301076,1909f56bfc062723c751e8b465ee728b)
Start importing Assets/Prefabs/Build Plate.prefab using Guid(012beba0df57bae44839883bb08ca0f2) Importer(815301076,1909f56bfc062723c751e8b465ee728b)  -> (artifact id: '287ce29198b1ef8696f1c59e0006d50f') in 0.016591 seconds
  Import took 0.019700 seconds .

========================================================================
Received Import Request.
  Time since last request: 9.748958 seconds.
  path: Assets/Prefabs/Ranged Enemy.prefab
  artifactKey: Guid(29ba67b84caf67d4cb440eec1f143bf4) Importer(815301076,1909f56bfc062723c751e8b465ee728b)
Start importing Assets/Prefabs/Ranged Enemy.prefab using Guid(29ba67b84caf67d4cb440eec1f143bf4) Importer(815301076,1909f56bfc062723c751e8b465ee728b)  -> (artifact id: '4532177984062cc6a487a82752dbe6bf') in 0.013206 seconds
  Import took 0.016100 seconds .

========================================================================
Received Prepare
Registering precompiled user dll's ...
Registered in 0.000814 seconds.
Begin MonoManager ReloadAssembly
Native extension for WindowsStandalone target not found
Refreshing native plugins compatible for Editor in 0.29 ms, found 0 plugins.
Preloading 0 native plugins for Editor in 0.00 ms.
Invoked RoslynAnalysisRunner static constructor.
RoslynAnalysisRunner will not be running.
RoslynAnalysisRunner has terminated.
Mono: successfully reloaded assembly
- Completed reload, in  0.781 seconds
Platform modules already initialized, skipping
Refreshing native plugins compatible for Editor in 0.34 ms, found 0 plugins.
Preloading 0 native plugins for Editor in 0.00 ms.
Unloading 1500 Unused Serialized files (Serialized files now loaded: 0)
System memory in use before: 76.6 MB.
System memory in use after: 76.7 MB.

Unloading 7 unused Assets to reduce memory usage. Loaded Objects now: 2137.
Total: 2.386700 ms (FindLiveObjects: 0.295000 ms CreateObjectMapping: 0.086200 ms MarkObjects: 1.929300 ms  DeleteObjects: 0.074700 ms)

========================================================================
Received Import Request.
  Time since last request: 86.553718 seconds.
  path: Assets/Prefabs/Ranged Enemy.prefab
  artifactKey: Guid(29ba67b84caf67d4cb440eec1f143bf4) Importer(815301076,1909f56bfc062723c751e8b465ee728b)
Start importing Assets/Prefabs/Ranged Enemy.prefab using Guid(29ba67b84caf67d4cb440eec1f143bf4) Importer(815301076,1909f56bfc062723c751e8b465ee728b)  -> (artifact id: 'ab234ca3da64f8a48b691fb153d102e4') in 0.053655 seconds
  Import took 0.056732 seconds .

========================================================================
Received Import Request.
  Time since last request: 10.722144 seconds.
  path: Assets/Prefabs/Ranged Enemy.prefab
  artifactKey: Guid(29ba67b84caf67d4cb440eec1f143bf4) Importer(815301076,1909f56bfc062723c751e8b465ee728b)
Start importing Assets/Prefabs/Ranged Enemy.prefab using Guid(29ba67b84caf67d4cb440eec1f143bf4) Importer(815301076,1909f56bfc062723c751e8b465ee728b)  -> (artifact id: '1b87d023fc18807f4ee4ad50210d00fb') in 0.008184 seconds
  Import took 0.011352 seconds .

========================================================================
Received Prepare
Registering precompiled user dll's ...
Registered in 0.001009 seconds.
Begin MonoManager ReloadAssembly
Native extension for WindowsStandalone target not found
Refreshing native plugins compatible for Editor in 0.28 ms, found 0 plugins.
Preloading 0 native plugins for Editor in 0.00 ms.
Invoked RoslynAnalysisRunner static constructor.
RoslynAnalysisRunner will not be running.
RoslynAnalysisRunner has terminated.
Mono: successfully reloaded assembly
- Completed reload, in  0.779 seconds
Platform modules already initialized, skipping
Refreshing native plugins compatible for Editor in 0.26 ms, found 0 plugins.
Preloading 0 native plugins for Editor in 0.00 ms.
Unloading 1500 Unused Serialized files (Serialized files now loaded: 0)
System memory in use before: 76.6 MB.
System memory in use after: 76.7 MB.

Unloading 5 unused Assets to reduce memory usage. Loaded Objects now: 2141.
Total: 1.993000 ms (FindLiveObjects: 0.209400 ms CreateObjectMapping: 0.045700 ms MarkObjects: 1.677900 ms  DeleteObjects: 0.059000 ms)

========================================================================
Received Prepare
Registering precompiled user dll's ...
Registered in 0.000831 seconds.
Begin MonoManager ReloadAssembly
Native extension for WindowsStandalone target not found
Refreshing native plugins compatible for Editor in 0.27 ms, found 0 plugins.
Preloading 0 native plugins for Editor in 0.00 ms.
Invoked RoslynAnalysisRunner static constructor.
RoslynAnalysisRunner will not be running.
RoslynAnalysisRunner has terminated.
Mono: successfully reloaded assembly
- Completed reload, in  0.780 seconds
Platform modules already initialized, skipping
Refreshing native plugins compatible for Editor in 0.97 ms, found 0 plugins.
Preloading 0 native plugins for Editor in 0.00 ms.
Unloading 1500 Unused Serialized files (Serialized files now loaded: 0)
System memory in use before: 76.6 MB.
System memory in use after: 76.7 MB.

Unloading 5 unused Assets to reduce memory usage. Loaded Objects now: 2144.
Total: 2.213700 ms (FindLiveObjects: 0.225000 ms CreateObjectMapping: 0.085400 ms MarkObjects: 1.809700 ms  DeleteObjects: 0.091800 ms)

========================================================================
Received Prepare
Registering precompiled user dll's ...
Registered in 0.000723 seconds.
Begin MonoManager ReloadAssembly
Native extension for WindowsStandalone target not found
Refreshing native plugins compatible for Editor in 0.27 ms, found 0 plugins.
Preloading 0 native plugins for Editor in 0.00 ms.
Invoked RoslynAnalysisRunner static constructor.
RoslynAnalysisRunner will not be running.
RoslynAnalysisRunner has terminated.
Mono: successfully reloaded assembly
- Completed reload, in  0.745 seconds
Platform modules already initialized, skipping
Refreshing native plugins compatible for Editor in 0.29 ms, found 0 plugins.
Preloading 0 native plugins for Editor in 0.00 ms.
Unloading 1500 Unused Serialized files (Serialized files now loaded: 0)
System memory in use before: 76.6 MB.
System memory in use after: 76.7 MB.

Unloading 5 unused Assets to reduce memory usage. Loaded Objects now: 2147.
Total: 2.448800 ms (FindLiveObjects: 0.314700 ms CreateObjectMapping: 0.089900 ms MarkObjects: 1.973100 ms  DeleteObjects: 0.069600 ms)

