Using pre-set license
Built from '2020.2/staging' branch; Version is '2020.2.7f1 (c53830e277f1) revision 12924976'; Using compiler version '192528614'; Build Type 'Release'
OS: 'Windows 10 Home; OS build 19042.1348; Version 2009; 64bit' Language: 'en' Physical Memory: 16177 MB
BatchMode: 1, IsHumanControllingUs: 0, StartBugReporterOnCrash: 0, Is64bit: 1, IsPro: 0

 COMMAND LINE ARGUMENTS:
D:\Unity Editors\2020.2.7f1\Editor\Unity.exe
-adb2
-batchMode
-noUpm
-name
AssetImportWorker1
-projectPath
D:/Unity Projects/Final ASs/Final-Assignment-Group-2/TowerDefence
-logFile
Logs/AssetImportWorker1.log
-srvPort
19833
Successfully changed project path to: D:/Unity Projects/Final ASs/Final-Assignment-Group-2/TowerDefence
D:/Unity Projects/Final ASs/Final-Assignment-Group-2/TowerDefence
Using Asset Import Pipeline V2.
Refreshing native plugins compatible for Editor in 62.35 ms, found 0 plugins.
Preloading 0 native plugins for Editor in 0.00 ms.
Initialize engine version: 2020.2.7f1 (c53830e277f1)
[Subsystems] Discovering subsystems at path D:/Unity Editors/2020.2.7f1/Editor/Data/Resources/UnitySubsystems
[Subsystems] Discovering subsystems at path D:/Unity Projects/Final ASs/Final-Assignment-Group-2/TowerDefence/Assets
GfxDevice: creating device client; threaded=0
Direct3D:
    Version:  Direct3D 11.0 [level 11.1]
    Renderer: NVIDIA GeForce GTX 1050 Ti (ID=0x1c8c)
    Vendor:   
    VRAM:     4018 MB
    Driver:   30.0.14.9613
Shader 'Universal Render Pipeline/Particles/Lit': fallback shader 'Universal Render Pipeline/Particles/SimpleLit' not found
Initialize mono
Mono path[0] = 'D:/Unity Editors/2020.2.7f1/Editor/Data/Managed'
Mono path[1] = 'D:/Unity Editors/2020.2.7f1/Editor/Data/MonoBleedingEdge/lib/mono/unityjit'
Mono config path = 'D:/Unity Editors/2020.2.7f1/Editor/Data/MonoBleedingEdge/etc'
Using monoOptions --debugger-agent=transport=dt_socket,embedding=1,server=y,suspend=n,address=127.0.0.1:56936
Begin MonoManager ReloadAssembly
Registering precompiled unity dll's ...
Register platform support module: D:/Unity Editors/2020.2.7f1/Editor/Data/PlaybackEngines/WindowsStandaloneSupport/UnityEditor.WindowsStandalone.Extensions.dll
Registered in 0.001415 seconds.
Native extension for WindowsStandalone target not found
Refreshing native plugins compatible for Editor in 69.58 ms, found 0 plugins.
Preloading 0 native plugins for Editor in 0.00 ms.
Invoked RoslynAnalysisRunner static constructor.
RoslynAnalysisRunner will not be running.
RoslynAnalysisRunner has terminated.
Mono: successfully reloaded assembly
- Completed reload, in  1.182 seconds
Platform modules already initialized, skipping
Registering precompiled user dll's ...
Registered in 0.001813 seconds.
Begin MonoManager ReloadAssembly
Native extension for WindowsStandalone target not found
Refreshing native plugins compatible for Editor in 62.24 ms, found 0 plugins.
Preloading 0 native plugins for Editor in 0.00 ms.
Invoked RoslynAnalysisRunner static constructor.
RoslynAnalysisRunner will not be running.
RoslynAnalysisRunner has terminated.
Mono: successfully reloaded assembly
- Completed reload, in  1.027 seconds
Platform modules already initialized, skipping
========================================================================
Worker process is ready to serve import requests
Shader 'Universal Render Pipeline/Particles/Lit': fallback shader 'Universal Render Pipeline/Particles/SimpleLit' not found
Launched and connected shader compiler UnityShaderCompiler.exe after 0.15 seconds
Refreshing native plugins compatible for Editor in 0.62 ms, found 0 plugins.
Preloading 0 native plugins for Editor in 0.00 ms.
Unloading 3095 Unused Serialized files (Serialized files now loaded: 0)
System memory in use before: 219.3 MB.
System memory in use after: 219.2 MB.

Unloading 16 unused Assets to reduce memory usage. Loaded Objects now: 3550.
Total: 2.798100 ms (FindLiveObjects: 0.502500 ms CreateObjectMapping: 0.210100 ms MarkObjects: 1.948000 ms  DeleteObjects: 0.135500 ms)

========================================================================
Received Import Request.
  path: Assets/Prefabs/Turret_Prefabs/Build_Plate.prefab
  artifactKey: Guid(d7df45960fd7e0f4092195da272105f5) Importer(815301076,1909f56bfc062723c751e8b465ee728b)
Start importing Assets/Prefabs/Turret_Prefabs/Build_Plate.prefab using Guid(d7df45960fd7e0f4092195da272105f5) Importer(815301076,1909f56bfc062723c751e8b465ee728b)  -> (artifact id: '1fb870472c87ecadb959e858f2ba73af') in 1.519575 seconds
  Import took 1.528459 seconds .

========================================================================
Received Import Request.
  Time since last request: 0.000700 seconds.
  path: Assets/Prefabs/Turret_Prefabs/BaseTurret.prefab
  artifactKey: Guid(a0cc0217860d1ca44b25c86b9e790588) Importer(815301076,1909f56bfc062723c751e8b465ee728b)
Start importing Assets/Prefabs/Turret_Prefabs/BaseTurret.prefab using Guid(a0cc0217860d1ca44b25c86b9e790588) Importer(815301076,1909f56bfc062723c751e8b465ee728b)  -> (artifact id: 'c4626a3402ddf8b861b1ba0b40520071') in 0.313557 seconds
  Import took 0.321491 seconds .

========================================================================
Received Import Request.
  Time since last request: 0.000335 seconds.
  path: Assets/Prefabs/Turret_Prefabs/Stun Turret.prefab
  artifactKey: Guid(0a150cd8ae9d58d4d9c1a8f9cd11fd8f) Importer(815301076,1909f56bfc062723c751e8b465ee728b)
Start importing Assets/Prefabs/Turret_Prefabs/Stun Turret.prefab using Guid(0a150cd8ae9d58d4d9c1a8f9cd11fd8f) Importer(815301076,1909f56bfc062723c751e8b465ee728b)  -> (artifact id: '8e1cf23e6163eb5f97ae88d48c30141e') in 0.173759 seconds
  Import took 0.181093 seconds .

========================================================================
Received Import Request.
  Time since last request: 0.000377 seconds.
  path: Assets/Prefabs/Build Plate.prefab
  artifactKey: Guid(012beba0df57bae44839883bb08ca0f2) Importer(815301076,1909f56bfc062723c751e8b465ee728b)
Start importing Assets/Prefabs/Build Plate.prefab using Guid(012beba0df57bae44839883bb08ca0f2) Importer(815301076,1909f56bfc062723c751e8b465ee728b)  -> (artifact id: '52bbb8f9f6b338a1573098e733d8fabb') in 0.105443 seconds
  Import took 0.113574 seconds .

========================================================================
Received Import Request.
  Time since last request: 0.000314 seconds.
  path: Assets/Prefabs/Turret_Prefabs/Exp Turret.prefab
  artifactKey: Guid(6bbca5bb6941a5142b0e54a77d9fafa0) Importer(815301076,1909f56bfc062723c751e8b465ee728b)
Start importing Assets/Prefabs/Turret_Prefabs/Exp Turret.prefab using Guid(6bbca5bb6941a5142b0e54a77d9fafa0) Importer(815301076,1909f56bfc062723c751e8b465ee728b)  -> (artifact id: 'c708f7742c625594fda4138b5681e422') in 0.202497 seconds
  Import took 0.209072 seconds .

========================================================================
Received Import Request.
  Time since last request: 0.000318 seconds.
  path: Assets/Prefabs/Turret_Prefabs/Turret.prefab
  artifactKey: Guid(ac675cc045ca6d141a2533e2bf78a01a) Importer(815301076,1909f56bfc062723c751e8b465ee728b)
Start importing Assets/Prefabs/Turret_Prefabs/Turret.prefab using Guid(ac675cc045ca6d141a2533e2bf78a01a) Importer(815301076,1909f56bfc062723c751e8b465ee728b)  -> (artifact id: '4222d9434242ad9f340bcf984df71ebf') in 0.041495 seconds
  Import took 0.046697 seconds .

========================================================================
Received Prepare
Registering precompiled user dll's ...
Registered in 0.001911 seconds.
Begin MonoManager ReloadAssembly
Native extension for WindowsStandalone target not found
Refreshing native plugins compatible for Editor in 0.57 ms, found 0 plugins.
Preloading 0 native plugins for Editor in 0.00 ms.
Invoked RoslynAnalysisRunner static constructor.
RoslynAnalysisRunner will not be running.
RoslynAnalysisRunner has terminated.
Mono: successfully reloaded assembly
- Completed reload, in  0.929 seconds
Platform modules already initialized, skipping
Shader 'Universal Render Pipeline/Particles/Lit': fallback shader 'Universal Render Pipeline/Particles/SimpleLit' not found
Refreshing native plugins compatible for Editor in 0.56 ms, found 0 plugins.
Preloading 0 native plugins for Editor in 0.00 ms.
Unloading 2921 Unused Serialized files (Serialized files now loaded: 0)
System memory in use before: 213.7 MB.
System memory in use after: 213.6 MB.

Unloading 10 unused Assets to reduce memory usage. Loaded Objects now: 3602.
Total: 2.913200 ms (FindLiveObjects: 0.388400 ms CreateObjectMapping: 0.202200 ms MarkObjects: 2.156500 ms  DeleteObjects: 0.164800 ms)

========================================================================
Received Import Request.
  Time since last request: 1440.288953 seconds.
  path: Assets/Prefabs/Particles/FirePoint.prefab
  artifactKey: Guid(c8dc1cb5a4b27284fb377ce3e41c6d42) Importer(815301076,1909f56bfc062723c751e8b465ee728b)
Start importing Assets/Prefabs/Particles/FirePoint.prefab using Guid(c8dc1cb5a4b27284fb377ce3e41c6d42) Importer(815301076,1909f56bfc062723c751e8b465ee728b)  -> (artifact id: 'f542641074071438319717828f70cd9d') in 0.046879 seconds
  Import took 0.052192 seconds .

========================================================================
Received Import Request.
  Time since last request: 21.879593 seconds.
  path: Assets/Prefabs/Particles/FirePoint.prefab
  artifactKey: Guid(c8dc1cb5a4b27284fb377ce3e41c6d42) Importer(815301076,1909f56bfc062723c751e8b465ee728b)
Start importing Assets/Prefabs/Particles/FirePoint.prefab using Guid(c8dc1cb5a4b27284fb377ce3e41c6d42) Importer(815301076,1909f56bfc062723c751e8b465ee728b)  -> (artifact id: '7f41b8a4451cec1064affc3a73e93a88') in 0.004072 seconds
  Import took 0.009226 seconds .

========================================================================
Received Prepare
Registering precompiled user dll's ...
Registered in 0.001594 seconds.
Begin MonoManager ReloadAssembly
Native extension for WindowsStandalone target not found
Refreshing native plugins compatible for Editor in 0.59 ms, found 0 plugins.
Preloading 0 native plugins for Editor in 0.00 ms.
Invoked RoslynAnalysisRunner static constructor.
RoslynAnalysisRunner will not be running.
RoslynAnalysisRunner has terminated.
Mono: successfully reloaded assembly
- Completed reload, in  1.117 seconds
Platform modules already initialized, skipping
Shader 'Universal Render Pipeline/Particles/Lit': fallback shader 'Universal Render Pipeline/Particles/SimpleLit' not found
Refreshing native plugins compatible for Editor in 0.64 ms, found 0 plugins.
Preloading 0 native plugins for Editor in 0.00 ms.
Unloading 2921 Unused Serialized files (Serialized files now loaded: 0)
System memory in use before: 213.7 MB.
System memory in use after: 213.7 MB.

Unloading 7 unused Assets to reduce memory usage. Loaded Objects now: 3605.
Total: 2.560600 ms (FindLiveObjects: 0.302600 ms CreateObjectMapping: 0.133800 ms MarkObjects: 2.000600 ms  DeleteObjects: 0.122300 ms)

========================================================================
Received Import Request.
  Time since last request: 244.878958 seconds.
  path: Assets/Prefabs/Particles/FirePoint.prefab
  artifactKey: Guid(c8dc1cb5a4b27284fb377ce3e41c6d42) Importer(815301076,1909f56bfc062723c751e8b465ee728b)
Start importing Assets/Prefabs/Particles/FirePoint.prefab using Guid(c8dc1cb5a4b27284fb377ce3e41c6d42) Importer(815301076,1909f56bfc062723c751e8b465ee728b)  -> (artifact id: '8f35fb75989e3e297433cf3e7f0c0f20') in 0.046449 seconds
  Import took 0.051391 seconds .

========================================================================
Received Import Request.
  Time since last request: 17.755188 seconds.
  path: Assets/Prefabs/Particles/Turret_Exhaust.prefab
  artifactKey: Guid(26084bc2da31cd7428fc7ed7500ea003) Importer(815301076,1909f56bfc062723c751e8b465ee728b)
Start importing Assets/Prefabs/Particles/Turret_Exhaust.prefab using Guid(26084bc2da31cd7428fc7ed7500ea003) Importer(815301076,1909f56bfc062723c751e8b465ee728b)  -> (artifact id: '81e8c5db0ba5da0fb6c84e96648155e4') in 0.007544 seconds
  Import took 0.014453 seconds .

AssetImportWorkerClient::OnTransportError - code=2 error=End of file
